---------- Date: 2013-06-04 04:52:06 ~ IP : ::1 ----------
REQUEST URI : /weorder/trunk/nam?product_id=28
MOD DETAILS:
   modFile   : F:\xampp\htdocs\weorder\trunk\vqmod/xml/news_pro.xml
   id        : News_Pro
   version   : 1.5.4.1
   vqmver    : 2.1.7
   author    : VinaEcom
SEARCH NOT FOUND (ABORTING MOD): </ul></div>

----------------------------------------------------------------------


---------- Date: 2013-06-04 04:52:10 ~ IP : ::1 ----------
REQUEST URI : /weorder/trunk/nam?filter_manufacturer_id=5
MOD DETAILS:
   modFile   : F:\xampp\htdocs\weorder\trunk\vqmod/xml/news_pro.xml
   id        : News_Pro
   version   : 1.5.4.1
   vqmver    : 2.1.7
   author    : VinaEcom
SEARCH NOT FOUND (ABORTING MOD): </ul></div>

----------------------------------------------------------------------


---------- Date: 2013-06-04 04:52:17 ~ IP : ::1 ----------
REQUEST URI : /weorder/trunk/nam?product_id=28
MOD DETAILS:
   modFile   : F:\xampp\htdocs\weorder\trunk\vqmod/xml/news_pro.xml
   id        : News_Pro
   version   : 1.5.4.1
   vqmver    : 2.1.7
   author    : VinaEcom
SEARCH NOT FOUND (ABORTING MOD): </ul></div>

----------------------------------------------------------------------


---------- Date: 2013-06-04 05:00:20 ~ IP : ::1 ----------
REQUEST URI : /weorder/trunk/
MOD DETAILS:
   modFile   : F:\xampp\htdocs\weorder\trunk\vqmod/xml/news_pro.xml
   id        : News_Pro
   version   : 1.5.4.1
   vqmver    : 2.1.7
   author    : VinaEcom
SEARCH NOT FOUND (ABORTING MOD): </ul></div>

----------------------------------------------------------------------


---------- Date: 2013-06-04 05:04:36 ~ IP : ::1 ----------
REQUEST URI : /weorder/trunk/index.php?route=product/category&amp;path=33
MOD DETAILS:
   modFile   : F:\xampp\htdocs\weorder\trunk\vqmod/xml/news_pro.xml
   id        : News_Pro
   version   : 1.5.4.1
   vqmver    : 2.1.7
   author    : VinaEcom
SEARCH NOT FOUND (ABORTING MOD): </ul></div>

----------------------------------------------------------------------


---------- Date: 2013-06-04 05:06:52 ~ IP : ::1 ----------
REQUEST URI : /weorder/trunk/index.php?route=product/category&amp;path=33
MOD DETAILS:
   modFile   : F:\xampp\htdocs\weorder\trunk\vqmod/xml/news_pro.xml
   id        : News_Pro
   version   : 1.5.4.1
   vqmver    : 2.1.7
   author    : VinaEcom
SEARCH NOT FOUND (ABORTING MOD): </ul></div>

----------------------------------------------------------------------


---------- Date: 2013-06-04 05:11:39 ~ IP : ::1 ----------
REQUEST URI : /weorder/trunk/index.php?route=product/category&amp;path=33
MOD DETAILS:
   modFile   : F:\xampp\htdocs\weorder\trunk\vqmod/xml/news_pro.xml
   id        : News_Pro
   version   : 1.5.4.1
   vqmver    : 2.1.7
   author    : VinaEcom
SEARCH NOT FOUND (ABORTING MOD): </ul></div>

----------------------------------------------------------------------


---------- Date: 2013-06-04 05:31:07 ~ IP : ::1 ----------
REQUEST URI : /weorder/trunk/index.php?route=product/category&amp;path=33
MOD DETAILS:
   modFile   : F:\xampp\htdocs\weorder\trunk\vqmod/xml/news_pro.xml
   id        : News_Pro
   version   : 1.5.4.1
   vqmver    : 2.1.7
   author    : VinaEcom
SEARCH NOT FOUND (ABORTING MOD): </ul></div>

----------------------------------------------------------------------


---------- Date: 2013-06-04 05:33:02 ~ IP : ::1 ----------
REQUEST URI : /weorder/trunk/index.php?route=product/category&amp;path=33
MOD DETAILS:
   modFile   : F:\xampp\htdocs\weorder\trunk\vqmod/xml/news_pro.xml
   id        : News_Pro
   version   : 1.5.4.1
   vqmver    : 2.1.7
   author    : VinaEcom
SEARCH NOT FOUND (ABORTING MOD): </ul></div>

----------------------------------------------------------------------


---------- Date: 2013-06-04 05:35:22 ~ IP : ::1 ----------
REQUEST URI : /weorder/trunk/index.php?route=product/category&amp;path=33
MOD DETAILS:
   modFile   : F:\xampp\htdocs\weorder\trunk\vqmod/xml/news_pro.xml
   id        : News_Pro
   version   : 1.5.4.1
   vqmver    : 2.1.7
   author    : VinaEcom
SEARCH NOT FOUND (ABORTING MOD): </ul></div>

----------------------------------------------------------------------


---------- Date: 2013-06-04 05:37:45 ~ IP : ::1 ----------
REQUEST URI : /weorder/trunk/index.php?route=product/category&amp;path=33
MOD DETAILS:
   modFile   : F:\xampp\htdocs\weorder\trunk\vqmod/xml/news_pro.xml
   id        : News_Pro
   version   : 1.5.4.1
   vqmver    : 2.1.7
   author    : VinaEcom
SEARCH NOT FOUND (ABORTING MOD): </ul></div>

----------------------------------------------------------------------


---------- Date: 2013-06-04 05:37:48 ~ IP : ::1 ----------
REQUEST URI : /weorder/trunk/
MOD DETAILS:
   modFile   : F:\xampp\htdocs\weorder\trunk\vqmod/xml/news_pro.xml
   id        : News_Pro
   version   : 1.5.4.1
   vqmver    : 2.1.7
   author    : VinaEcom
SEARCH NOT FOUND (ABORTING MOD): </ul></div>

----------------------------------------------------------------------


---------- Date: 2013-06-04 05:40:34 ~ IP : ::1 ----------
REQUEST URI : /weorder/trunk/index.php?route=product/category&amp;path=33
MOD DETAILS:
   modFile   : F:\xampp\htdocs\weorder\trunk\vqmod/xml/news_pro.xml
   id        : News_Pro
   version   : 1.5.4.1
   vqmver    : 2.1.7
   author    : VinaEcom
SEARCH NOT FOUND (ABORTING MOD): </ul></div>

----------------------------------------------------------------------


---------- Date: 2013-06-04 05:40:37 ~ IP : ::1 ----------
REQUEST URI : /weorder/trunk/
MOD DETAILS:
   modFile   : F:\xampp\htdocs\weorder\trunk\vqmod/xml/news_pro.xml
   id        : News_Pro
   version   : 1.5.4.1
   vqmver    : 2.1.7
   author    : VinaEcom
SEARCH NOT FOUND (ABORTING MOD): </ul></div>

----------------------------------------------------------------------


---------- Date: 2013-06-04 05:41:09 ~ IP : ::1 ----------
REQUEST URI : /weorder/trunk/index.php?route=product/category&amp;path=33
MOD DETAILS:
   modFile   : F:\xampp\htdocs\weorder\trunk\vqmod/xml/news_pro.xml
   id        : News_Pro
   version   : 1.5.4.1
   vqmver    : 2.1.7
   author    : VinaEcom
SEARCH NOT FOUND (ABORTING MOD): </ul></div>

----------------------------------------------------------------------


---------- Date: 2013-06-04 05:41:12 ~ IP : ::1 ----------
REQUEST URI : /weorder/trunk/
MOD DETAILS:
   modFile   : F:\xampp\htdocs\weorder\trunk\vqmod/xml/news_pro.xml
   id        : News_Pro
   version   : 1.5.4.1
   vqmver    : 2.1.7
   author    : VinaEcom
SEARCH NOT FOUND (ABORTING MOD): </ul></div>

----------------------------------------------------------------------


---------- Date: 2013-06-04 05:41:40 ~ IP : ::1 ----------
REQUEST URI : /weorder/trunk/index.php?route=product/category&amp;path=33
MOD DETAILS:
   modFile   : F:\xampp\htdocs\weorder\trunk\vqmod/xml/news_pro.xml
   id        : News_Pro
   version   : 1.5.4.1
   vqmver    : 2.1.7
   author    : VinaEcom
SEARCH NOT FOUND (ABORTING MOD): </ul></div>

----------------------------------------------------------------------


---------- Date: 2013-06-04 05:46:04 ~ IP : ::1 ----------
REQUEST URI : /weorder/trunk/index.php?route=product/category&amp;path=33
MOD DETAILS:
   modFile   : F:\xampp\htdocs\weorder\trunk\vqmod/xml/news_pro.xml
   id        : News_Pro
   version   : 1.5.4.1
   vqmver    : 2.1.7
   author    : VinaEcom
SEARCH NOT FOUND (ABORTING MOD): </ul></div>

----------------------------------------------------------------------


---------- Date: 2013-06-04 05:46:11 ~ IP : ::1 ----------
REQUEST URI : /weorder/trunk/index.php?route=product/category&amp;path=33&amp;filter_option=52
MOD DETAILS:
   modFile   : F:\xampp\htdocs\weorder\trunk\vqmod/xml/news_pro.xml
   id        : News_Pro
   version   : 1.5.4.1
   vqmver    : 2.1.7
   author    : VinaEcom
SEARCH NOT FOUND (ABORTING MOD): </ul></div>

----------------------------------------------------------------------


---------- Date: 2013-06-04 05:49:23 ~ IP : ::1 ----------
REQUEST URI : /weorder/trunk/index.php?route=product/category&amp;path=33&amp;filter_option=52
MOD DETAILS:
   modFile   : F:\xampp\htdocs\weorder\trunk\vqmod/xml/news_pro.xml
   id        : News_Pro
   version   : 1.5.4.1
   vqmver    : 2.1.7
   author    : VinaEcom
SEARCH NOT FOUND (ABORTING MOD): </ul></div>

----------------------------------------------------------------------


---------- Date: 2013-06-04 05:49:30 ~ IP : ::1 ----------
REQUEST URI : /weorder/trunk/index.php?route=product/category&amp;path=33&amp;filter_option=52
MOD DETAILS:
   modFile   : F:\xampp\htdocs\weorder\trunk\vqmod/xml/news_pro.xml
   id        : News_Pro
   version   : 1.5.4.1
   vqmver    : 2.1.7
   author    : VinaEcom
SEARCH NOT FOUND (ABORTING MOD): </ul></div>

----------------------------------------------------------------------


---------- Date: 2013-06-04 05:49:48 ~ IP : ::1 ----------
REQUEST URI : /weorder/trunk/index.php?route=product/category&amp;path=33&amp;filter_option=52
MOD DETAILS:
   modFile   : F:\xampp\htdocs\weorder\trunk\vqmod/xml/news_pro.xml
   id        : News_Pro
   version   : 1.5.4.1
   vqmver    : 2.1.7
   author    : VinaEcom
SEARCH NOT FOUND (ABORTING MOD): </ul></div>

----------------------------------------------------------------------


---------- Date: 2013-06-04 05:49:55 ~ IP : ::1 ----------
REQUEST URI : /weorder/trunk/index.php?route=product/category&amp;path=33
MOD DETAILS:
   modFile   : F:\xampp\htdocs\weorder\trunk\vqmod/xml/news_pro.xml
   id        : News_Pro
   version   : 1.5.4.1
   vqmver    : 2.1.7
   author    : VinaEcom
SEARCH NOT FOUND (ABORTING MOD): </ul></div>

----------------------------------------------------------------------


---------- Date: 2013-06-04 05:50:53 ~ IP : ::1 ----------
REQUEST URI : /weorder/trunk/index.php?route=product/category&amp;path=33
MOD DETAILS:
   modFile   : F:\xampp\htdocs\weorder\trunk\vqmod/xml/news_pro.xml
   id        : News_Pro
   version   : 1.5.4.1
   vqmver    : 2.1.7
   author    : VinaEcom
SEARCH NOT FOUND (ABORTING MOD): </ul></div>

----------------------------------------------------------------------


---------- Date: 2013-06-04 05:52:49 ~ IP : ::1 ----------
REQUEST URI : /weorder/trunk/index.php?route=product/category&amp;path=33
MOD DETAILS:
   modFile   : F:\xampp\htdocs\weorder\trunk\vqmod/xml/news_pro.xml
   id        : News_Pro
   version   : 1.5.4.1
   vqmver    : 2.1.7
   author    : VinaEcom
SEARCH NOT FOUND (ABORTING MOD): </ul></div>

----------------------------------------------------------------------


---------- Date: 2013-06-04 05:57:53 ~ IP : ::1 ----------
REQUEST URI : /weorder/trunk/index.php?route=product/category&amp;path=33
MOD DETAILS:
   modFile   : F:\xampp\htdocs\weorder\trunk\vqmod/xml/news_pro.xml
   id        : News_Pro
   version   : 1.5.4.1
   vqmver    : 2.1.7
   author    : VinaEcom
SEARCH NOT FOUND (ABORTING MOD): </ul></div>

----------------------------------------------------------------------


---------- Date: 2013-06-04 05:59:12 ~ IP : ::1 ----------
REQUEST URI : /weorder/trunk/index.php?route=product/category&amp;path=33
MOD DETAILS:
   modFile   : F:\xampp\htdocs\weorder\trunk\vqmod/xml/news_pro.xml
   id        : News_Pro
   version   : 1.5.4.1
   vqmver    : 2.1.7
   author    : VinaEcom
SEARCH NOT FOUND (ABORTING MOD): </ul></div>

----------------------------------------------------------------------


---------- Date: 2013-06-04 05:59:55 ~ IP : ::1 ----------
REQUEST URI : /weorder/trunk/index.php?route=product/category&amp;path=33
MOD DETAILS:
   modFile   : F:\xampp\htdocs\weorder\trunk\vqmod/xml/news_pro.xml
   id        : News_Pro
   version   : 1.5.4.1
   vqmver    : 2.1.7
   author    : VinaEcom
SEARCH NOT FOUND (ABORTING MOD): </ul></div>

----------------------------------------------------------------------


---------- Date: 2013-06-04 06:00:50 ~ IP : ::1 ----------
REQUEST URI : /weorder/trunk/index.php?route=product/category&amp;path=33
MOD DETAILS:
   modFile   : F:\xampp\htdocs\weorder\trunk\vqmod/xml/news_pro.xml
   id        : News_Pro
   version   : 1.5.4.1
   vqmver    : 2.1.7
   author    : VinaEcom
SEARCH NOT FOUND (ABORTING MOD): </ul></div>

----------------------------------------------------------------------


---------- Date: 2013-06-04 06:01:04 ~ IP : ::1 ----------
REQUEST URI : /weorder/trunk/index.php?route=product/category&amp;path=33
MOD DETAILS:
   modFile   : F:\xampp\htdocs\weorder\trunk\vqmod/xml/news_pro.xml
   id        : News_Pro
   version   : 1.5.4.1
   vqmver    : 2.1.7
   author    : VinaEcom
SEARCH NOT FOUND (ABORTING MOD): </ul></div>

----------------------------------------------------------------------


---------- Date: 2013-06-04 06:10:22 ~ IP : ::1 ----------
REQUEST URI : /weorder/trunk/index.php?route=product/category&amp;path=33
MOD DETAILS:
   modFile   : F:\xampp\htdocs\weorder\trunk\vqmod/xml/news_pro.xml
   id        : News_Pro
   version   : 1.5.4.1
   vqmver    : 2.1.7
   author    : VinaEcom
SEARCH NOT FOUND (ABORTING MOD): </ul></div>

----------------------------------------------------------------------


---------- Date: 2013-06-04 06:11:10 ~ IP : ::1 ----------
REQUEST URI : /weorder/trunk/index.php?route=product/category&amp;path=33&amp;filter_option=65
MOD DETAILS:
   modFile   : F:\xampp\htdocs\weorder\trunk\vqmod/xml/news_pro.xml
   id        : News_Pro
   version   : 1.5.4.1
   vqmver    : 2.1.7
   author    : VinaEcom
SEARCH NOT FOUND (ABORTING MOD): </ul></div>

----------------------------------------------------------------------


---------- Date: 2013-06-04 06:17:28 ~ IP : ::1 ----------
REQUEST URI : /weorder/trunk/index.php?route=product/category&amp;path=33&amp;filter_option=65
MOD DETAILS:
   modFile   : F:\xampp\htdocs\weorder\trunk\vqmod/xml/news_pro.xml
   id        : News_Pro
   version   : 1.5.4.1
   vqmver    : 2.1.7
   author    : VinaEcom
SEARCH NOT FOUND (ABORTING MOD): </ul></div>

----------------------------------------------------------------------


---------- Date: 2013-06-04 06:25:58 ~ IP : ::1 ----------
REQUEST URI : /weorder/trunk/index.php?route=product/category&amp;path=33&amp;filter_option=65
MOD DETAILS:
   modFile   : F:\xampp\htdocs\weorder\trunk\vqmod/xml/news_pro.xml
   id        : News_Pro
   version   : 1.5.4.1
   vqmver    : 2.1.7
   author    : VinaEcom
SEARCH NOT FOUND (ABORTING MOD): </ul></div>

----------------------------------------------------------------------


---------- Date: 2013-06-04 06:27:39 ~ IP : ::1 ----------
REQUEST URI : /weorder/trunk/index.php?route=product/category&amp;path=33&amp;filter_option=65
MOD DETAILS:
   modFile   : F:\xampp\htdocs\weorder\trunk\vqmod/xml/news_pro.xml
   id        : News_Pro
   version   : 1.5.4.1
   vqmver    : 2.1.7
   author    : VinaEcom
SEARCH NOT FOUND (ABORTING MOD): </ul></div>

----------------------------------------------------------------------


---------- Date: 2013-06-04 06:27:54 ~ IP : ::1 ----------
REQUEST URI : /weorder/trunk/index.php?route=product/category&amp;path=33
MOD DETAILS:
   modFile   : F:\xampp\htdocs\weorder\trunk\vqmod/xml/news_pro.xml
   id        : News_Pro
   version   : 1.5.4.1
   vqmver    : 2.1.7
   author    : VinaEcom
SEARCH NOT FOUND (ABORTING MOD): </ul></div>

----------------------------------------------------------------------


---------- Date: 2013-06-04 06:29:47 ~ IP : ::1 ----------
REQUEST URI : /weorder/trunk/index.php?route=product/category&amp;path=33
MOD DETAILS:
   modFile   : F:\xampp\htdocs\weorder\trunk\vqmod/xml/news_pro.xml
   id        : News_Pro
   version   : 1.5.4.1
   vqmver    : 2.1.7
   author    : VinaEcom
SEARCH NOT FOUND (ABORTING MOD): </ul></div>

----------------------------------------------------------------------


---------- Date: 2013-06-04 06:29:59 ~ IP : ::1 ----------
REQUEST URI : /weorder/trunk/index.php?route=product/category&amp;path=33&amp;filter_option=62
MOD DETAILS:
   modFile   : F:\xampp\htdocs\weorder\trunk\vqmod/xml/news_pro.xml
   id        : News_Pro
   version   : 1.5.4.1
   vqmver    : 2.1.7
   author    : VinaEcom
SEARCH NOT FOUND (ABORTING MOD): </ul></div>

----------------------------------------------------------------------


---------- Date: 2013-06-04 06:30:15 ~ IP : ::1 ----------
REQUEST URI : /weorder/trunk/index.php?route=product/category&amp;path=33&amp;filter_option=69
MOD DETAILS:
   modFile   : F:\xampp\htdocs\weorder\trunk\vqmod/xml/news_pro.xml
   id        : News_Pro
   version   : 1.5.4.1
   vqmver    : 2.1.7
   author    : VinaEcom
SEARCH NOT FOUND (ABORTING MOD): </ul></div>

----------------------------------------------------------------------


---------- Date: 2013-06-04 06:30:32 ~ IP : ::1 ----------
REQUEST URI : /weorder/trunk/index.php?route=product/category&amp;path=33&amp;filter_option=62
MOD DETAILS:
   modFile   : F:\xampp\htdocs\weorder\trunk\vqmod/xml/news_pro.xml
   id        : News_Pro
   version   : 1.5.4.1
   vqmver    : 2.1.7
   author    : VinaEcom
SEARCH NOT FOUND (ABORTING MOD): </ul></div>

----------------------------------------------------------------------


---------- Date: 2013-06-04 06:35:59 ~ IP : ::1 ----------
REQUEST URI : /weorder/trunk/index.php?route=product/category&amp;path=33&amp;filter_option=62
MOD DETAILS:
   modFile   : F:\xampp\htdocs\weorder\trunk\vqmod/xml/news_pro.xml
   id        : News_Pro
   version   : 1.5.4.1
   vqmver    : 2.1.7
   author    : VinaEcom
SEARCH NOT FOUND (ABORTING MOD): </ul></div>

----------------------------------------------------------------------


---------- Date: 2013-06-04 06:36:06 ~ IP : ::1 ----------
REQUEST URI : /weorder/trunk/index.php?route=product/category&amp;path=33&amp;filter_option=71
MOD DETAILS:
   modFile   : F:\xampp\htdocs\weorder\trunk\vqmod/xml/news_pro.xml
   id        : News_Pro
   version   : 1.5.4.1
   vqmver    : 2.1.7
   author    : VinaEcom
SEARCH NOT FOUND (ABORTING MOD): </ul></div>

----------------------------------------------------------------------


---------- Date: 2013-06-04 06:36:51 ~ IP : ::1 ----------
REQUEST URI : /weorder/trunk/index.php?route=product/category&amp;path=33&amp;filter_option=71
MOD DETAILS:
   modFile   : F:\xampp\htdocs\weorder\trunk\vqmod/xml/news_pro.xml
   id        : News_Pro
   version   : 1.5.4.1
   vqmver    : 2.1.7
   author    : VinaEcom
SEARCH NOT FOUND (ABORTING MOD): </ul></div>

----------------------------------------------------------------------


---------- Date: 2013-06-04 06:37:22 ~ IP : ::1 ----------
REQUEST URI : /weorder/trunk/index.php?route=product/category&amp;path=33&amp;filter_option=71
MOD DETAILS:
   modFile   : F:\xampp\htdocs\weorder\trunk\vqmod/xml/news_pro.xml
   id        : News_Pro
   version   : 1.5.4.1
   vqmver    : 2.1.7
   author    : VinaEcom
SEARCH NOT FOUND (ABORTING MOD): </ul></div>

----------------------------------------------------------------------


---------- Date: 2013-06-04 06:39:22 ~ IP : ::1 ----------
REQUEST URI : /weorder/trunk/index.php?route=product/category&amp;path=33&amp;filter_option=49
MOD DETAILS:
   modFile   : F:\xampp\htdocs\weorder\trunk\vqmod/xml/news_pro.xml
   id        : News_Pro
   version   : 1.5.4.1
   vqmver    : 2.1.7
   author    : VinaEcom
SEARCH NOT FOUND (ABORTING MOD): </ul></div>

----------------------------------------------------------------------


---------- Date: 2013-06-04 06:39:28 ~ IP : ::1 ----------
REQUEST URI : /weorder/trunk/index.php?route=product/category&amp;path=33&amp;filter_option=50
MOD DETAILS:
   modFile   : F:\xampp\htdocs\weorder\trunk\vqmod/xml/news_pro.xml
   id        : News_Pro
   version   : 1.5.4.1
   vqmver    : 2.1.7
   author    : VinaEcom
SEARCH NOT FOUND (ABORTING MOD): </ul></div>

----------------------------------------------------------------------


---------- Date: 2013-06-04 06:41:27 ~ IP : ::1 ----------
REQUEST URI : /weorder/trunk/index.php?route=product/category&amp;path=33&amp;filter_option=50
MOD DETAILS:
   modFile   : F:\xampp\htdocs\weorder\trunk\vqmod/xml/news_pro.xml
   id        : News_Pro
   version   : 1.5.4.1
   vqmver    : 2.1.7
   author    : VinaEcom
SEARCH NOT FOUND (ABORTING MOD): </ul></div>

----------------------------------------------------------------------


---------- Date: 2013-06-04 06:41:48 ~ IP : ::1 ----------
REQUEST URI : /weorder/trunk/index.php?route=product/category&amp;path=33&amp;filter_option=50
MOD DETAILS:
   modFile   : F:\xampp\htdocs\weorder\trunk\vqmod/xml/news_pro.xml
   id        : News_Pro
   version   : 1.5.4.1
   vqmver    : 2.1.7
   author    : VinaEcom
SEARCH NOT FOUND (ABORTING MOD): </ul></div>

----------------------------------------------------------------------


---------- Date: 2013-06-04 06:42:29 ~ IP : ::1 ----------
REQUEST URI : /weorder/trunk/index.php?route=product/category&amp;path=33&amp;filter_option=50
MOD DETAILS:
   modFile   : F:\xampp\htdocs\weorder\trunk\vqmod/xml/news_pro.xml
   id        : News_Pro
   version   : 1.5.4.1
   vqmver    : 2.1.7
   author    : VinaEcom
SEARCH NOT FOUND (ABORTING MOD): </ul></div>

----------------------------------------------------------------------


---------- Date: 2013-06-04 06:42:56 ~ IP : ::1 ----------
REQUEST URI : /weorder/trunk/index.php?route=product/category&amp;path=33&amp;filter_option=50
MOD DETAILS:
   modFile   : F:\xampp\htdocs\weorder\trunk\vqmod/xml/news_pro.xml
   id        : News_Pro
   version   : 1.5.4.1
   vqmver    : 2.1.7
   author    : VinaEcom
SEARCH NOT FOUND (ABORTING MOD): </ul></div>

----------------------------------------------------------------------


---------- Date: 2013-06-04 06:43:56 ~ IP : ::1 ----------
REQUEST URI : /weorder/trunk/index.php?route=product/category&amp;path=33&amp;filter_option=50
MOD DETAILS:
   modFile   : F:\xampp\htdocs\weorder\trunk\vqmod/xml/news_pro.xml
   id        : News_Pro
   version   : 1.5.4.1
   vqmver    : 2.1.7
   author    : VinaEcom
SEARCH NOT FOUND (ABORTING MOD): </ul></div>

----------------------------------------------------------------------


---------- Date: 2013-06-04 06:44:01 ~ IP : ::1 ----------
REQUEST URI : /weorder/trunk/index.php?route=product/category&amp;path=33&amp;filter_option=50
MOD DETAILS:
   modFile   : F:\xampp\htdocs\weorder\trunk\vqmod/xml/news_pro.xml
   id        : News_Pro
   version   : 1.5.4.1
   vqmver    : 2.1.7
   author    : VinaEcom
SEARCH NOT FOUND (ABORTING MOD): </ul></div>

----------------------------------------------------------------------


---------- Date: 2013-06-04 06:44:05 ~ IP : ::1 ----------
REQUEST URI : /weorder/trunk/index.php?route=product/category&amp;path=33&amp;filter_option=59
MOD DETAILS:
   modFile   : F:\xampp\htdocs\weorder\trunk\vqmod/xml/news_pro.xml
   id        : News_Pro
   version   : 1.5.4.1
   vqmver    : 2.1.7
   author    : VinaEcom
SEARCH NOT FOUND (ABORTING MOD): </ul></div>

----------------------------------------------------------------------


---------- Date: 2013-06-04 06:44:10 ~ IP : ::1 ----------
REQUEST URI : /weorder/trunk/index.php?route=product/category&amp;path=33&amp;filter_option=62
MOD DETAILS:
   modFile   : F:\xampp\htdocs\weorder\trunk\vqmod/xml/news_pro.xml
   id        : News_Pro
   version   : 1.5.4.1
   vqmver    : 2.1.7
   author    : VinaEcom
SEARCH NOT FOUND (ABORTING MOD): </ul></div>

----------------------------------------------------------------------


---------- Date: 2013-06-04 06:44:23 ~ IP : ::1 ----------
REQUEST URI : /weorder/trunk/index.php?route=product/category&amp;path=33&amp;filter_option=69
MOD DETAILS:
   modFile   : F:\xampp\htdocs\weorder\trunk\vqmod/xml/news_pro.xml
   id        : News_Pro
   version   : 1.5.4.1
   vqmver    : 2.1.7
   author    : VinaEcom
SEARCH NOT FOUND (ABORTING MOD): </ul></div>

----------------------------------------------------------------------


---------- Date: 2013-06-04 06:44:36 ~ IP : ::1 ----------
REQUEST URI : /weorder/trunk/index.php?route=product/category&amp;path=33&amp;filter_manufacturer_id=7
MOD DETAILS:
   modFile   : F:\xampp\htdocs\weorder\trunk\vqmod/xml/news_pro.xml
   id        : News_Pro
   version   : 1.5.4.1
   vqmver    : 2.1.7
   author    : VinaEcom
SEARCH NOT FOUND (ABORTING MOD): </ul></div>

----------------------------------------------------------------------


---------- Date: 2013-06-04 06:44:46 ~ IP : ::1 ----------
REQUEST URI : /weorder/trunk/index.php?route=product/category&amp;path=33&amp;filter_option=62
MOD DETAILS:
   modFile   : F:\xampp\htdocs\weorder\trunk\vqmod/xml/news_pro.xml
   id        : News_Pro
   version   : 1.5.4.1
   vqmver    : 2.1.7
   author    : VinaEcom
SEARCH NOT FOUND (ABORTING MOD): </ul></div>

----------------------------------------------------------------------


---------- Date: 2013-06-04 06:44:55 ~ IP : ::1 ----------
REQUEST URI : /weorder/trunk/index.php?route=product/product&amp;path=33&amp;product_id=30
MOD DETAILS:
   modFile   : F:\xampp\htdocs\weorder\trunk\vqmod/xml/news_pro.xml
   id        : News_Pro
   version   : 1.5.4.1
   vqmver    : 2.1.7
   author    : VinaEcom
SEARCH NOT FOUND (ABORTING MOD): </ul></div>

----------------------------------------------------------------------


---------- Date: 2013-06-04 06:46:35 ~ IP : ::1 ----------
REQUEST URI : /weorder/trunk/index.php?route=product/category&amp;path=33&amp;filter_option=62
MOD DETAILS:
   modFile   : F:\xampp\htdocs\weorder\trunk\vqmod/xml/news_pro.xml
   id        : News_Pro
   version   : 1.5.4.1
   vqmver    : 2.1.7
   author    : VinaEcom
SEARCH NOT FOUND (ABORTING MOD): </ul></div>

----------------------------------------------------------------------


---------- Date: 2013-06-04 06:47:43 ~ IP : ::1 ----------
REQUEST URI : /weorder/trunk/index.php?route=product/category&amp;path=33&amp;filter_option=62
MOD DETAILS:
   modFile   : F:\xampp\htdocs\weorder\trunk\vqmod/xml/news_pro.xml
   id        : News_Pro
   version   : 1.5.4.1
   vqmver    : 2.1.7
   author    : VinaEcom
SEARCH NOT FOUND (ABORTING MOD): </ul></div>

----------------------------------------------------------------------


---------- Date: 2013-06-04 06:48:39 ~ IP : ::1 ----------
REQUEST URI : /weorder/trunk/index.php?route=product/category&amp;path=33&amp;filter_option=62
MOD DETAILS:
   modFile   : F:\xampp\htdocs\weorder\trunk\vqmod/xml/news_pro.xml
   id        : News_Pro
   version   : 1.5.4.1
   vqmver    : 2.1.7
   author    : VinaEcom
SEARCH NOT FOUND (ABORTING MOD): </ul></div>

----------------------------------------------------------------------


---------- Date: 2013-06-04 06:49:28 ~ IP : ::1 ----------
REQUEST URI : /weorder/trunk/index.php?route=product/category&amp;path=33&amp;filter_manufacturer_id=7
MOD DETAILS:
   modFile   : F:\xampp\htdocs\weorder\trunk\vqmod/xml/news_pro.xml
   id        : News_Pro
   version   : 1.5.4.1
   vqmver    : 2.1.7
   author    : VinaEcom
SEARCH NOT FOUND (ABORTING MOD): </ul></div>

----------------------------------------------------------------------


---------- Date: 2013-06-04 06:51:59 ~ IP : ::1 ----------
REQUEST URI : /weorder/trunk/index.php?route=product/category&amp;path=33&amp;filter_option=50
MOD DETAILS:
   modFile   : F:\xampp\htdocs\weorder\trunk\vqmod/xml/news_pro.xml
   id        : News_Pro
   version   : 1.5.4.1
   vqmver    : 2.1.7
   author    : VinaEcom
SEARCH NOT FOUND (ABORTING MOD): </ul></div>

----------------------------------------------------------------------


---------- Date: 2013-06-04 06:52:10 ~ IP : ::1 ----------
REQUEST URI : /weorder/trunk/index.php?route=product/category&amp;path=33&amp;filter_option=50
MOD DETAILS:
   modFile   : F:\xampp\htdocs\weorder\trunk\vqmod/xml/news_pro.xml
   id        : News_Pro
   version   : 1.5.4.1
   vqmver    : 2.1.7
   author    : VinaEcom
SEARCH NOT FOUND (ABORTING MOD): </ul></div>

----------------------------------------------------------------------


---------- Date: 2013-06-04 06:52:46 ~ IP : ::1 ----------
REQUEST URI : /weorder/trunk/index.php?route=product/category&amp;path=33&amp;filter_option=50
MOD DETAILS:
   modFile   : F:\xampp\htdocs\weorder\trunk\vqmod/xml/news_pro.xml
   id        : News_Pro
   version   : 1.5.4.1
   vqmver    : 2.1.7
   author    : VinaEcom
SEARCH NOT FOUND (ABORTING MOD): </ul></div>

----------------------------------------------------------------------


---------- Date: 2013-06-04 06:52:51 ~ IP : ::1 ----------
REQUEST URI : /weorder/trunk/index.php?route=product/category&amp;path=33&amp;filter_option=50&amp;filter_manufacturer_id=7
MOD DETAILS:
   modFile   : F:\xampp\htdocs\weorder\trunk\vqmod/xml/news_pro.xml
   id        : News_Pro
   version   : 1.5.4.1
   vqmver    : 2.1.7
   author    : VinaEcom
SEARCH NOT FOUND (ABORTING MOD): </ul></div>

----------------------------------------------------------------------


---------- Date: 2013-06-04 06:53:24 ~ IP : ::1 ----------
REQUEST URI : /weorder/trunk/index.php?route=product/category&amp;path=33&amp;filter_option=50&amp;filter_manufacturer_id=7
MOD DETAILS:
   modFile   : F:\xampp\htdocs\weorder\trunk\vqmod/xml/news_pro.xml
   id        : News_Pro
   version   : 1.5.4.1
   vqmver    : 2.1.7
   author    : VinaEcom
SEARCH NOT FOUND (ABORTING MOD): </ul></div>

----------------------------------------------------------------------


---------- Date: 2013-06-04 06:53:32 ~ IP : ::1 ----------
REQUEST URI : /weorder/trunk/index.php?route=product/category&amp;path=33&amp;filter_manufacturer_id=7&amp;filter_option=63
MOD DETAILS:
   modFile   : F:\xampp\htdocs\weorder\trunk\vqmod/xml/news_pro.xml
   id        : News_Pro
   version   : 1.5.4.1
   vqmver    : 2.1.7
   author    : VinaEcom
SEARCH NOT FOUND (ABORTING MOD): </ul></div>

----------------------------------------------------------------------


---------- Date: 2013-06-04 06:53:41 ~ IP : ::1 ----------
REQUEST URI : /weorder/trunk/index.php?route=product/category&amp;path=33&amp;filter_manufacturer_id=7&amp;filter_option=62
MOD DETAILS:
   modFile   : F:\xampp\htdocs\weorder\trunk\vqmod/xml/news_pro.xml
   id        : News_Pro
   version   : 1.5.4.1
   vqmver    : 2.1.7
   author    : VinaEcom
SEARCH NOT FOUND (ABORTING MOD): </ul></div>

----------------------------------------------------------------------


---------- Date: 2013-06-04 06:53:47 ~ IP : ::1 ----------
REQUEST URI : /weorder/trunk/index.php?route=product/category&amp;path=33&amp;filter_option=62&amp;filter_manufacturer_id=5
MOD DETAILS:
   modFile   : F:\xampp\htdocs\weorder\trunk\vqmod/xml/news_pro.xml
   id        : News_Pro
   version   : 1.5.4.1
   vqmver    : 2.1.7
   author    : VinaEcom
SEARCH NOT FOUND (ABORTING MOD): </ul></div>

----------------------------------------------------------------------


---------- Date: 2013-06-04 06:53:57 ~ IP : ::1 ----------
REQUEST URI : /weorder/trunk/index.php?route=product/category&amp;path=33
MOD DETAILS:
   modFile   : F:\xampp\htdocs\weorder\trunk\vqmod/xml/news_pro.xml
   id        : News_Pro
   version   : 1.5.4.1
   vqmver    : 2.1.7
   author    : VinaEcom
SEARCH NOT FOUND (ABORTING MOD): </ul></div>

----------------------------------------------------------------------


---------- Date: 2013-06-04 06:54:01 ~ IP : ::1 ----------
REQUEST URI : /weorder/trunk/index.php?route=product/category&amp;path=33&amp;filter_manufacturer_id=5
MOD DETAILS:
   modFile   : F:\xampp\htdocs\weorder\trunk\vqmod/xml/news_pro.xml
   id        : News_Pro
   version   : 1.5.4.1
   vqmver    : 2.1.7
   author    : VinaEcom
SEARCH NOT FOUND (ABORTING MOD): </ul></div>

----------------------------------------------------------------------


---------- Date: 2013-06-04 06:54:58 ~ IP : ::1 ----------
REQUEST URI : /weorder/trunk/index.php?route=product/category&amp;path=33&amp;filter_manufacturer_id=5
MOD DETAILS:
   modFile   : F:\xampp\htdocs\weorder\trunk\vqmod/xml/news_pro.xml
   id        : News_Pro
   version   : 1.5.4.1
   vqmver    : 2.1.7
   author    : VinaEcom
SEARCH NOT FOUND (ABORTING MOD): </ul></div>

----------------------------------------------------------------------


---------- Date: 2013-06-04 06:55:03 ~ IP : ::1 ----------
REQUEST URI : /weorder/trunk/index.php?route=product/category&amp;path=33&amp;filter_manufacturer_id=7
MOD DETAILS:
   modFile   : F:\xampp\htdocs\weorder\trunk\vqmod/xml/news_pro.xml
   id        : News_Pro
   version   : 1.5.4.1
   vqmver    : 2.1.7
   author    : VinaEcom
SEARCH NOT FOUND (ABORTING MOD): </ul></div>

----------------------------------------------------------------------


---------- Date: 2013-06-04 06:55:09 ~ IP : ::1 ----------
REQUEST URI : /weorder/trunk/index.php?route=product/category&amp;path=33&amp;filter_manufacturer_id=7&amp;filter_option=62
MOD DETAILS:
   modFile   : F:\xampp\htdocs\weorder\trunk\vqmod/xml/news_pro.xml
   id        : News_Pro
   version   : 1.5.4.1
   vqmver    : 2.1.7
   author    : VinaEcom
SEARCH NOT FOUND (ABORTING MOD): </ul></div>

----------------------------------------------------------------------


---------- Date: 2013-06-04 06:55:16 ~ IP : ::1 ----------
REQUEST URI : /weorder/trunk/index.php?route=product/category&amp;path=33&amp;filter_option=62&amp;filter_manufacturer_id=9
MOD DETAILS:
   modFile   : F:\xampp\htdocs\weorder\trunk\vqmod/xml/news_pro.xml
   id        : News_Pro
   version   : 1.5.4.1
   vqmver    : 2.1.7
   author    : VinaEcom
SEARCH NOT FOUND (ABORTING MOD): </ul></div>

----------------------------------------------------------------------


---------- Date: 2013-06-04 06:55:30 ~ IP : ::1 ----------
REQUEST URI : /weorder/trunk/index.php?route=product/category&amp;path=33&amp;filter_manufacturer_id=9&amp;filter_option=63
MOD DETAILS:
   modFile   : F:\xampp\htdocs\weorder\trunk\vqmod/xml/news_pro.xml
   id        : News_Pro
   version   : 1.5.4.1
   vqmver    : 2.1.7
   author    : VinaEcom
SEARCH NOT FOUND (ABORTING MOD): </ul></div>

----------------------------------------------------------------------


---------- Date: 2013-06-04 06:55:35 ~ IP : ::1 ----------
REQUEST URI : /weorder/trunk/index.php?route=product/category&amp;path=33&amp;filter_option=63&amp;filter_manufacturer_id=5
MOD DETAILS:
   modFile   : F:\xampp\htdocs\weorder\trunk\vqmod/xml/news_pro.xml
   id        : News_Pro
   version   : 1.5.4.1
   vqmver    : 2.1.7
   author    : VinaEcom
SEARCH NOT FOUND (ABORTING MOD): </ul></div>

----------------------------------------------------------------------


---------- Date: 2013-06-04 06:56:35 ~ IP : ::1 ----------
REQUEST URI : /weorder/trunk/index.php?route=product/category&amp;path=33&amp;filter_option=63&amp;filter_manufacturer_id=5
MOD DETAILS:
   modFile   : F:\xampp\htdocs\weorder\trunk\vqmod/xml/news_pro.xml
   id        : News_Pro
   version   : 1.5.4.1
   vqmver    : 2.1.7
   author    : VinaEcom
SEARCH NOT FOUND (ABORTING MOD): </ul></div>

----------------------------------------------------------------------


---------- Date: 2013-06-04 06:56:40 ~ IP : ::1 ----------
REQUEST URI : /weorder/trunk/index.php?route=product/category&amp;path=33&amp;filter_option=63&amp;filter_manufacturer_id=9
MOD DETAILS:
   modFile   : F:\xampp\htdocs\weorder\trunk\vqmod/xml/news_pro.xml
   id        : News_Pro
   version   : 1.5.4.1
   vqmver    : 2.1.7
   author    : VinaEcom
SEARCH NOT FOUND (ABORTING MOD): </ul></div>

----------------------------------------------------------------------


---------- Date: 2013-06-04 09:09:48 ~ IP : ::1 ----------
REQUEST URI : /weorder/trunk/index.php?route=product/product&amp;path=33&amp;product_id=30
MOD DETAILS:
   modFile   : F:\xampp\htdocs\weorder\trunk\vqmod/xml/news_pro.xml
   id        : News_Pro
   version   : 1.5.4.1
   vqmver    : 2.1.7
   author    : VinaEcom
SEARCH NOT FOUND (ABORTING MOD): </ul></div>

----------------------------------------------------------------------


---------- Date: 2013-06-04 09:15:53 ~ IP : ::1 ----------
REQUEST URI : /weorder/trunk/index.php?route=product/product&amp;path=33&amp;product_id=30
MOD DETAILS:
   modFile   : F:\xampp\htdocs\weorder\trunk\vqmod/xml/news_pro.xml
   id        : News_Pro
   version   : 1.5.4.1
   vqmver    : 2.1.7
   author    : VinaEcom
SEARCH NOT FOUND (ABORTING MOD): </ul></div>

----------------------------------------------------------------------


---------- Date: 2013-06-04 09:16:39 ~ IP : ::1 ----------
REQUEST URI : /weorder/trunk/index.php?route=product/product&amp;path=33&amp;product_id=30
MOD DETAILS:
   modFile   : F:\xampp\htdocs\weorder\trunk\vqmod/xml/news_pro.xml
   id        : News_Pro
   version   : 1.5.4.1
   vqmver    : 2.1.7
   author    : VinaEcom
SEARCH NOT FOUND (ABORTING MOD): </ul></div>

----------------------------------------------------------------------


---------- Date: 2013-06-04 09:18:37 ~ IP : ::1 ----------
REQUEST URI : /weorder/trunk/index.php?route=product/product&amp;path=33&amp;product_id=30
MOD DETAILS:
   modFile   : F:\xampp\htdocs\weorder\trunk\vqmod/xml/news_pro.xml
   id        : News_Pro
   version   : 1.5.4.1
   vqmver    : 2.1.7
   author    : VinaEcom
SEARCH NOT FOUND (ABORTING MOD): </ul></div>

----------------------------------------------------------------------


---------- Date: 2013-06-04 09:21:06 ~ IP : ::1 ----------
REQUEST URI : /weorder/trunk/index.php?route=product/product&amp;path=33&amp;product_id=30
MOD DETAILS:
   modFile   : F:\xampp\htdocs\weorder\trunk\vqmod/xml/news_pro.xml
   id        : News_Pro
   version   : 1.5.4.1
   vqmver    : 2.1.7
   author    : VinaEcom
SEARCH NOT FOUND (ABORTING MOD): </ul></div>

----------------------------------------------------------------------


---------- Date: 2013-06-04 09:24:21 ~ IP : ::1 ----------
REQUEST URI : /weorder/trunk/index.php?route=product/product&amp;path=33&amp;product_id=30
MOD DETAILS:
   modFile   : F:\xampp\htdocs\weorder\trunk\vqmod/xml/news_pro.xml
   id        : News_Pro
   version   : 1.5.4.1
   vqmver    : 2.1.7
   author    : VinaEcom
SEARCH NOT FOUND (ABORTING MOD): </ul></div>

----------------------------------------------------------------------


---------- Date: 2013-06-04 09:24:45 ~ IP : ::1 ----------
REQUEST URI : /weorder/trunk/index.php?route=product/product&amp;path=33&amp;product_id=30
MOD DETAILS:
   modFile   : F:\xampp\htdocs\weorder\trunk\vqmod/xml/news_pro.xml
   id        : News_Pro
   version   : 1.5.4.1
   vqmver    : 2.1.7
   author    : VinaEcom
SEARCH NOT FOUND (ABORTING MOD): </ul></div>

----------------------------------------------------------------------


---------- Date: 2013-06-04 09:25:50 ~ IP : ::1 ----------
REQUEST URI : /weorder/trunk/index.php?route=product/product&amp;path=33&amp;product_id=30
MOD DETAILS:
   modFile   : F:\xampp\htdocs\weorder\trunk\vqmod/xml/news_pro.xml
   id        : News_Pro
   version   : 1.5.4.1
   vqmver    : 2.1.7
   author    : VinaEcom
SEARCH NOT FOUND (ABORTING MOD): </ul></div>

----------------------------------------------------------------------


---------- Date: 2013-06-04 09:26:49 ~ IP : ::1 ----------
REQUEST URI : /weorder/trunk/index.php?route=product/product&amp;path=33&amp;product_id=30
MOD DETAILS:
   modFile   : F:\xampp\htdocs\weorder\trunk\vqmod/xml/news_pro.xml
   id        : News_Pro
   version   : 1.5.4.1
   vqmver    : 2.1.7
   author    : VinaEcom
SEARCH NOT FOUND (ABORTING MOD): </ul></div>

----------------------------------------------------------------------


---------- Date: 2013-06-04 09:27:07 ~ IP : ::1 ----------
REQUEST URI : /weorder/trunk/index.php?route=product/product&amp;path=33&amp;product_id=30
MOD DETAILS:
   modFile   : F:\xampp\htdocs\weorder\trunk\vqmod/xml/news_pro.xml
   id        : News_Pro
   version   : 1.5.4.1
   vqmver    : 2.1.7
   author    : VinaEcom
SEARCH NOT FOUND (ABORTING MOD): </ul></div>

----------------------------------------------------------------------


---------- Date: 2013-06-04 09:27:29 ~ IP : ::1 ----------
REQUEST URI : /weorder/trunk/index.php?route=product/product&amp;path=33&amp;product_id=30
MOD DETAILS:
   modFile   : F:\xampp\htdocs\weorder\trunk\vqmod/xml/news_pro.xml
   id        : News_Pro
   version   : 1.5.4.1
   vqmver    : 2.1.7
   author    : VinaEcom
SEARCH NOT FOUND (ABORTING MOD): </ul></div>

----------------------------------------------------------------------


---------- Date: 2013-06-04 09:29:52 ~ IP : ::1 ----------
REQUEST URI : /weorder/trunk/index.php?route=product/product&amp;path=33&amp;product_id=30
MOD DETAILS:
   modFile   : F:\xampp\htdocs\weorder\trunk\vqmod/xml/news_pro.xml
   id        : News_Pro
   version   : 1.5.4.1
   vqmver    : 2.1.7
   author    : VinaEcom
SEARCH NOT FOUND (ABORTING MOD): </ul></div>

----------------------------------------------------------------------


---------- Date: 2013-06-04 09:30:56 ~ IP : ::1 ----------
REQUEST URI : /weorder/trunk/index.php?route=product/product&amp;path=33&amp;product_id=30
MOD DETAILS:
   modFile   : F:\xampp\htdocs\weorder\trunk\vqmod/xml/news_pro.xml
   id        : News_Pro
   version   : 1.5.4.1
   vqmver    : 2.1.7
   author    : VinaEcom
SEARCH NOT FOUND (ABORTING MOD): </ul></div>

----------------------------------------------------------------------


---------- Date: 2013-06-04 09:31:22 ~ IP : ::1 ----------
REQUEST URI : /weorder/trunk/index.php?route=product/product&amp;path=33&amp;product_id=30
MOD DETAILS:
   modFile   : F:\xampp\htdocs\weorder\trunk\vqmod/xml/news_pro.xml
   id        : News_Pro
   version   : 1.5.4.1
   vqmver    : 2.1.7
   author    : VinaEcom
SEARCH NOT FOUND (ABORTING MOD): </ul></div>

----------------------------------------------------------------------


---------- Date: 2013-06-04 09:31:28 ~ IP : ::1 ----------
REQUEST URI : /weorder/trunk/index.php?route=product/product&amp;path=33&amp;product_id=30
MOD DETAILS:
   modFile   : F:\xampp\htdocs\weorder\trunk\vqmod/xml/news_pro.xml
   id        : News_Pro
   version   : 1.5.4.1
   vqmver    : 2.1.7
   author    : VinaEcom
SEARCH NOT FOUND (ABORTING MOD): </ul></div>

----------------------------------------------------------------------


---------- Date: 2013-06-04 09:33:02 ~ IP : ::1 ----------
REQUEST URI : /weorder/trunk/index.php?route=product/product&amp;path=33&amp;product_id=30
MOD DETAILS:
   modFile   : F:\xampp\htdocs\weorder\trunk\vqmod/xml/news_pro.xml
   id        : News_Pro
   version   : 1.5.4.1
   vqmver    : 2.1.7
   author    : VinaEcom
SEARCH NOT FOUND (ABORTING MOD): </ul></div>

----------------------------------------------------------------------


---------- Date: 2013-06-04 09:35:20 ~ IP : ::1 ----------
REQUEST URI : /weorder/trunk/index.php?route=product/product&amp;path=33&amp;product_id=30
MOD DETAILS:
   modFile   : F:\xampp\htdocs\weorder\trunk\vqmod/xml/news_pro.xml
   id        : News_Pro
   version   : 1.5.4.1
   vqmver    : 2.1.7
   author    : VinaEcom
SEARCH NOT FOUND (ABORTING MOD): </ul></div>

----------------------------------------------------------------------


---------- Date: 2013-06-04 09:35:31 ~ IP : ::1 ----------
REQUEST URI : /weorder/trunk/index.php?route=product/product&amp;path=33&amp;product_id=30
MOD DETAILS:
   modFile   : F:\xampp\htdocs\weorder\trunk\vqmod/xml/news_pro.xml
   id        : News_Pro
   version   : 1.5.4.1
   vqmver    : 2.1.7
   author    : VinaEcom
SEARCH NOT FOUND (ABORTING MOD): </ul></div>

----------------------------------------------------------------------


---------- Date: 2013-06-04 09:38:41 ~ IP : ::1 ----------
REQUEST URI : /weorder/trunk/index.php?route=product/product&amp;path=33&amp;product_id=30
MOD DETAILS:
   modFile   : F:\xampp\htdocs\weorder\trunk\vqmod/xml/news_pro.xml
   id        : News_Pro
   version   : 1.5.4.1
   vqmver    : 2.1.7
   author    : VinaEcom
SEARCH NOT FOUND (ABORTING MOD): </ul></div>

----------------------------------------------------------------------


---------- Date: 2013-06-04 09:39:47 ~ IP : ::1 ----------
REQUEST URI : /weorder/trunk/index.php?route=product/product&amp;path=33&amp;product_id=30
MOD DETAILS:
   modFile   : F:\xampp\htdocs\weorder\trunk\vqmod/xml/news_pro.xml
   id        : News_Pro
   version   : 1.5.4.1
   vqmver    : 2.1.7
   author    : VinaEcom
SEARCH NOT FOUND (ABORTING MOD): </ul></div>

----------------------------------------------------------------------


---------- Date: 2013-06-04 09:40:29 ~ IP : ::1 ----------
REQUEST URI : /weorder/trunk/index.php?route=product/product&amp;path=33&amp;product_id=30
MOD DETAILS:
   modFile   : F:\xampp\htdocs\weorder\trunk\vqmod/xml/news_pro.xml
   id        : News_Pro
   version   : 1.5.4.1
   vqmver    : 2.1.7
   author    : VinaEcom
SEARCH NOT FOUND (ABORTING MOD): </ul></div>

----------------------------------------------------------------------


---------- Date: 2013-06-04 09:41:51 ~ IP : ::1 ----------
REQUEST URI : /weorder/trunk/index.php?route=product/product&amp;path=33&amp;product_id=30
MOD DETAILS:
   modFile   : F:\xampp\htdocs\weorder\trunk\vqmod/xml/news_pro.xml
   id        : News_Pro
   version   : 1.5.4.1
   vqmver    : 2.1.7
   author    : VinaEcom
SEARCH NOT FOUND (ABORTING MOD): </ul></div>

----------------------------------------------------------------------


---------- Date: 2013-06-04 09:42:22 ~ IP : ::1 ----------
REQUEST URI : /weorder/trunk/index.php?route=product/product&amp;path=33&amp;product_id=30
MOD DETAILS:
   modFile   : F:\xampp\htdocs\weorder\trunk\vqmod/xml/news_pro.xml
   id        : News_Pro
   version   : 1.5.4.1
   vqmver    : 2.1.7
   author    : VinaEcom
SEARCH NOT FOUND (ABORTING MOD): </ul></div>

----------------------------------------------------------------------


---------- Date: 2013-06-04 09:42:52 ~ IP : ::1 ----------
REQUEST URI : /weorder/trunk/index.php?route=product/product&amp;path=33&amp;product_id=30
MOD DETAILS:
   modFile   : F:\xampp\htdocs\weorder\trunk\vqmod/xml/news_pro.xml
   id        : News_Pro
   version   : 1.5.4.1
   vqmver    : 2.1.7
   author    : VinaEcom
SEARCH NOT FOUND (ABORTING MOD): </ul></div>

----------------------------------------------------------------------


---------- Date: 2013-06-04 09:43:35 ~ IP : ::1 ----------
REQUEST URI : /weorder/trunk/index.php?route=product/product&amp;path=33&amp;product_id=30
MOD DETAILS:
   modFile   : F:\xampp\htdocs\weorder\trunk\vqmod/xml/news_pro.xml
   id        : News_Pro
   version   : 1.5.4.1
   vqmver    : 2.1.7
   author    : VinaEcom
SEARCH NOT FOUND (ABORTING MOD): </ul></div>

----------------------------------------------------------------------


---------- Date: 2013-06-04 09:43:53 ~ IP : ::1 ----------
REQUEST URI : /weorder/trunk/index.php?route=product/product&amp;path=33&amp;product_id=30
MOD DETAILS:
   modFile   : F:\xampp\htdocs\weorder\trunk\vqmod/xml/news_pro.xml
   id        : News_Pro
   version   : 1.5.4.1
   vqmver    : 2.1.7
   author    : VinaEcom
SEARCH NOT FOUND (ABORTING MOD): </ul></div>

----------------------------------------------------------------------


---------- Date: 2013-06-04 09:44:11 ~ IP : ::1 ----------
REQUEST URI : /weorder/trunk/index.php?route=product/product&amp;path=33&amp;product_id=30
MOD DETAILS:
   modFile   : F:\xampp\htdocs\weorder\trunk\vqmod/xml/news_pro.xml
   id        : News_Pro
   version   : 1.5.4.1
   vqmver    : 2.1.7
   author    : VinaEcom
SEARCH NOT FOUND (ABORTING MOD): </ul></div>

----------------------------------------------------------------------


---------- Date: 2013-06-04 09:44:34 ~ IP : ::1 ----------
REQUEST URI : /weorder/trunk/index.php?route=product/product&amp;path=33&amp;product_id=30
MOD DETAILS:
   modFile   : F:\xampp\htdocs\weorder\trunk\vqmod/xml/news_pro.xml
   id        : News_Pro
   version   : 1.5.4.1
   vqmver    : 2.1.7
   author    : VinaEcom
SEARCH NOT FOUND (ABORTING MOD): </ul></div>

----------------------------------------------------------------------


---------- Date: 2013-06-04 09:46:15 ~ IP : ::1 ----------
REQUEST URI : /weorder/trunk/index.php?route=product/product&amp;path=33&amp;product_id=30
MOD DETAILS:
   modFile   : F:\xampp\htdocs\weorder\trunk\vqmod/xml/news_pro.xml
   id        : News_Pro
   version   : 1.5.4.1
   vqmver    : 2.1.7
   author    : VinaEcom
SEARCH NOT FOUND (ABORTING MOD): </ul></div>

----------------------------------------------------------------------


---------- Date: 2013-06-04 09:46:32 ~ IP : ::1 ----------
REQUEST URI : /weorder/trunk/index.php?route=product/product&amp;path=33&amp;product_id=30
MOD DETAILS:
   modFile   : F:\xampp\htdocs\weorder\trunk\vqmod/xml/news_pro.xml
   id        : News_Pro
   version   : 1.5.4.1
   vqmver    : 2.1.7
   author    : VinaEcom
SEARCH NOT FOUND (ABORTING MOD): </ul></div>

----------------------------------------------------------------------


---------- Date: 2013-06-04 09:48:26 ~ IP : ::1 ----------
REQUEST URI : /weorder/trunk/index.php?route=product/product&amp;path=33&amp;product_id=30
MOD DETAILS:
   modFile   : F:\xampp\htdocs\weorder\trunk\vqmod/xml/news_pro.xml
   id        : News_Pro
   version   : 1.5.4.1
   vqmver    : 2.1.7
   author    : VinaEcom
SEARCH NOT FOUND (ABORTING MOD): </ul></div>

----------------------------------------------------------------------


---------- Date: 2013-06-04 09:52:16 ~ IP : ::1 ----------
REQUEST URI : /weorder/trunk/index.php?route=product/product&amp;path=33&amp;product_id=30
MOD DETAILS:
   modFile   : F:\xampp\htdocs\weorder\trunk\vqmod/xml/news_pro.xml
   id        : News_Pro
   version   : 1.5.4.1
   vqmver    : 2.1.7
   author    : VinaEcom
SEARCH NOT FOUND (ABORTING MOD): </ul></div>

----------------------------------------------------------------------


---------- Date: 2013-06-04 09:59:00 ~ IP : ::1 ----------
REQUEST URI : /weorder/trunk/index.php?route=product/product&amp;path=33&amp;product_id=30
MOD DETAILS:
   modFile   : F:\xampp\htdocs\weorder\trunk\vqmod/xml/news_pro.xml
   id        : News_Pro
   version   : 1.5.4.1
   vqmver    : 2.1.7
   author    : VinaEcom
SEARCH NOT FOUND (ABORTING MOD): </ul></div>

----------------------------------------------------------------------


---------- Date: 2013-06-04 10:02:33 ~ IP : ::1 ----------
REQUEST URI : /weorder/trunk/index.php?route=product/product&amp;path=33&amp;product_id=30
MOD DETAILS:
   modFile   : F:\xampp\htdocs\weorder\trunk\vqmod/xml/news_pro.xml
   id        : News_Pro
   version   : 1.5.4.1
   vqmver    : 2.1.7
   author    : VinaEcom
SEARCH NOT FOUND (ABORTING MOD): </ul></div>

----------------------------------------------------------------------


---------- Date: 2013-06-04 10:03:01 ~ IP : ::1 ----------
REQUEST URI : /weorder/trunk/index.php?route=product/product&amp;path=33&amp;product_id=30
MOD DETAILS:
   modFile   : F:\xampp\htdocs\weorder\trunk\vqmod/xml/news_pro.xml
   id        : News_Pro
   version   : 1.5.4.1
   vqmver    : 2.1.7
   author    : VinaEcom
SEARCH NOT FOUND (ABORTING MOD): </ul></div>

----------------------------------------------------------------------


---------- Date: 2013-06-04 10:04:28 ~ IP : ::1 ----------
REQUEST URI : /weorder/trunk/index.php?route=product/product&amp;path=33&amp;product_id=30
MOD DETAILS:
   modFile   : F:\xampp\htdocs\weorder\trunk\vqmod/xml/news_pro.xml
   id        : News_Pro
   version   : 1.5.4.1
   vqmver    : 2.1.7
   author    : VinaEcom
SEARCH NOT FOUND (ABORTING MOD): </ul></div>

----------------------------------------------------------------------


---------- Date: 2013-06-04 10:06:35 ~ IP : ::1 ----------
REQUEST URI : /weorder/trunk/index.php?route=product/product&amp;path=33&amp;product_id=30
MOD DETAILS:
   modFile   : F:\xampp\htdocs\weorder\trunk\vqmod/xml/news_pro.xml
   id        : News_Pro
   version   : 1.5.4.1
   vqmver    : 2.1.7
   author    : VinaEcom
SEARCH NOT FOUND (ABORTING MOD): </ul></div>

----------------------------------------------------------------------


---------- Date: 2013-06-04 10:06:59 ~ IP : ::1 ----------
REQUEST URI : /weorder/trunk/index.php?route=product/product&amp;path=33&amp;product_id=30
MOD DETAILS:
   modFile   : F:\xampp\htdocs\weorder\trunk\vqmod/xml/news_pro.xml
   id        : News_Pro
   version   : 1.5.4.1
   vqmver    : 2.1.7
   author    : VinaEcom
SEARCH NOT FOUND (ABORTING MOD): </ul></div>

----------------------------------------------------------------------


---------- Date: 2013-06-04 10:09:37 ~ IP : ::1 ----------
REQUEST URI : /weorder/trunk/index.php?route=product/product&amp;path=33&amp;product_id=30
MOD DETAILS:
   modFile   : F:\xampp\htdocs\weorder\trunk\vqmod/xml/news_pro.xml
   id        : News_Pro
   version   : 1.5.4.1
   vqmver    : 2.1.7
   author    : VinaEcom
SEARCH NOT FOUND (ABORTING MOD): </ul></div>

----------------------------------------------------------------------


---------- Date: 2013-06-04 10:13:33 ~ IP : ::1 ----------
REQUEST URI : /weorder/trunk/index.php?route=product/product&amp;path=33&amp;product_id=30
MOD DETAILS:
   modFile   : F:\xampp\htdocs\weorder\trunk\vqmod/xml/news_pro.xml
   id        : News_Pro
   version   : 1.5.4.1
   vqmver    : 2.1.7
   author    : VinaEcom
SEARCH NOT FOUND (ABORTING MOD): </ul></div>

----------------------------------------------------------------------


---------- Date: 2013-06-04 10:13:38 ~ IP : ::1 ----------
REQUEST URI : /weorder/trunk/index.php?route=product/product&amp;path=33&amp;product_id=30
MOD DETAILS:
   modFile   : F:\xampp\htdocs\weorder\trunk\vqmod/xml/news_pro.xml
   id        : News_Pro
   version   : 1.5.4.1
   vqmver    : 2.1.7
   author    : VinaEcom
SEARCH NOT FOUND (ABORTING MOD): </ul></div>

----------------------------------------------------------------------


---------- Date: 2013-06-04 10:14:02 ~ IP : ::1 ----------
REQUEST URI : /weorder/trunk/index.php?route=product/product&amp;path=33&amp;product_id=30
MOD DETAILS:
   modFile   : F:\xampp\htdocs\weorder\trunk\vqmod/xml/news_pro.xml
   id        : News_Pro
   version   : 1.5.4.1
   vqmver    : 2.1.7
   author    : VinaEcom
SEARCH NOT FOUND (ABORTING MOD): </ul></div>

----------------------------------------------------------------------


---------- Date: 2013-06-04 10:14:35 ~ IP : ::1 ----------
REQUEST URI : /weorder/trunk/index.php?route=product/product&amp;path=33&amp;product_id=30
MOD DETAILS:
   modFile   : F:\xampp\htdocs\weorder\trunk\vqmod/xml/news_pro.xml
   id        : News_Pro
   version   : 1.5.4.1
   vqmver    : 2.1.7
   author    : VinaEcom
SEARCH NOT FOUND (ABORTING MOD): </ul></div>

----------------------------------------------------------------------


---------- Date: 2013-06-04 10:15:10 ~ IP : ::1 ----------
REQUEST URI : /weorder/trunk/index.php?route=product/product&amp;path=33&amp;product_id=30
MOD DETAILS:
   modFile   : F:\xampp\htdocs\weorder\trunk\vqmod/xml/news_pro.xml
   id        : News_Pro
   version   : 1.5.4.1
   vqmver    : 2.1.7
   author    : VinaEcom
SEARCH NOT FOUND (ABORTING MOD): </ul></div>

----------------------------------------------------------------------


---------- Date: 2013-06-04 10:15:53 ~ IP : ::1 ----------
REQUEST URI : /weorder/trunk/index.php?route=product/product&amp;path=33&amp;product_id=30
MOD DETAILS:
   modFile   : F:\xampp\htdocs\weorder\trunk\vqmod/xml/news_pro.xml
   id        : News_Pro
   version   : 1.5.4.1
   vqmver    : 2.1.7
   author    : VinaEcom
SEARCH NOT FOUND (ABORTING MOD): </ul></div>

----------------------------------------------------------------------


---------- Date: 2013-06-04 10:16:19 ~ IP : ::1 ----------
REQUEST URI : /weorder/trunk/index.php?route=product/product&amp;path=33&amp;product_id=30
MOD DETAILS:
   modFile   : F:\xampp\htdocs\weorder\trunk\vqmod/xml/news_pro.xml
   id        : News_Pro
   version   : 1.5.4.1
   vqmver    : 2.1.7
   author    : VinaEcom
SEARCH NOT FOUND (ABORTING MOD): </ul></div>

----------------------------------------------------------------------


---------- Date: 2013-06-04 10:27:04 ~ IP : ::1 ----------
REQUEST URI : /weorder/trunk/index.php?route=product/product&amp;path=33&amp;product_id=30
MOD DETAILS:
   modFile   : F:\xampp\htdocs\weorder\trunk\vqmod/xml/news_pro.xml
   id        : News_Pro
   version   : 1.5.4.1
   vqmver    : 2.1.7
   author    : VinaEcom
SEARCH NOT FOUND (ABORTING MOD): </ul></div>

----------------------------------------------------------------------


---------- Date: 2013-06-04 10:27:37 ~ IP : ::1 ----------
REQUEST URI : /weorder/trunk/index.php?route=product/product&amp;path=33&amp;product_id=30
MOD DETAILS:
   modFile   : F:\xampp\htdocs\weorder\trunk\vqmod/xml/news_pro.xml
   id        : News_Pro
   version   : 1.5.4.1
   vqmver    : 2.1.7
   author    : VinaEcom
SEARCH NOT FOUND (ABORTING MOD): </ul></div>

----------------------------------------------------------------------


---------- Date: 2013-06-04 10:27:49 ~ IP : ::1 ----------
REQUEST URI : /weorder/trunk/index.php?route=product/product&amp;path=33&amp;product_id=30
MOD DETAILS:
   modFile   : F:\xampp\htdocs\weorder\trunk\vqmod/xml/news_pro.xml
   id        : News_Pro
   version   : 1.5.4.1
   vqmver    : 2.1.7
   author    : VinaEcom
SEARCH NOT FOUND (ABORTING MOD): </ul></div>

----------------------------------------------------------------------


---------- Date: 2013-06-04 10:28:39 ~ IP : ::1 ----------
REQUEST URI : /weorder/trunk/index.php?route=product/product&amp;path=33&amp;product_id=30
MOD DETAILS:
   modFile   : F:\xampp\htdocs\weorder\trunk\vqmod/xml/news_pro.xml
   id        : News_Pro
   version   : 1.5.4.1
   vqmver    : 2.1.7
   author    : VinaEcom
SEARCH NOT FOUND (ABORTING MOD): </ul></div>

----------------------------------------------------------------------


---------- Date: 2013-06-04 10:29:16 ~ IP : ::1 ----------
REQUEST URI : /weorder/trunk/index.php?route=product/product&amp;path=33&amp;product_id=30
MOD DETAILS:
   modFile   : F:\xampp\htdocs\weorder\trunk\vqmod/xml/news_pro.xml
   id        : News_Pro
   version   : 1.5.4.1
   vqmver    : 2.1.7
   author    : VinaEcom
SEARCH NOT FOUND (ABORTING MOD): </ul></div>

----------------------------------------------------------------------


---------- Date: 2013-06-04 10:29:36 ~ IP : ::1 ----------
REQUEST URI : /weorder/trunk/index.php?route=product/product&amp;path=33&amp;product_id=30
MOD DETAILS:
   modFile   : F:\xampp\htdocs\weorder\trunk\vqmod/xml/news_pro.xml
   id        : News_Pro
   version   : 1.5.4.1
   vqmver    : 2.1.7
   author    : VinaEcom
SEARCH NOT FOUND (ABORTING MOD): </ul></div>

----------------------------------------------------------------------


---------- Date: 2013-06-04 10:30:55 ~ IP : ::1 ----------
REQUEST URI : /weorder/trunk/index.php?route=product/product&amp;path=33&amp;product_id=30
MOD DETAILS:
   modFile   : F:\xampp\htdocs\weorder\trunk\vqmod/xml/news_pro.xml
   id        : News_Pro
   version   : 1.5.4.1
   vqmver    : 2.1.7
   author    : VinaEcom
SEARCH NOT FOUND (ABORTING MOD): </ul></div>

----------------------------------------------------------------------


---------- Date: 2013-06-04 10:31:40 ~ IP : ::1 ----------
REQUEST URI : /weorder/trunk/index.php?route=product/product&amp;path=33&amp;product_id=30
MOD DETAILS:
   modFile   : F:\xampp\htdocs\weorder\trunk\vqmod/xml/news_pro.xml
   id        : News_Pro
   version   : 1.5.4.1
   vqmver    : 2.1.7
   author    : VinaEcom
SEARCH NOT FOUND (ABORTING MOD): </ul></div>

----------------------------------------------------------------------


---------- Date: 2013-06-04 10:32:33 ~ IP : ::1 ----------
REQUEST URI : /weorder/trunk/index.php?route=product/product&amp;path=33&amp;product_id=30
MOD DETAILS:
   modFile   : F:\xampp\htdocs\weorder\trunk\vqmod/xml/news_pro.xml
   id        : News_Pro
   version   : 1.5.4.1
   vqmver    : 2.1.7
   author    : VinaEcom
SEARCH NOT FOUND (ABORTING MOD): </ul></div>

----------------------------------------------------------------------


---------- Date: 2013-06-04 10:34:30 ~ IP : ::1 ----------
REQUEST URI : /weorder/trunk/index.php?route=product/product&amp;path=33&amp;product_id=30
MOD DETAILS:
   modFile   : F:\xampp\htdocs\weorder\trunk\vqmod/xml/news_pro.xml
   id        : News_Pro
   version   : 1.5.4.1
   vqmver    : 2.1.7
   author    : VinaEcom
SEARCH NOT FOUND (ABORTING MOD): </ul></div>

----------------------------------------------------------------------


---------- Date: 2013-06-04 10:36:04 ~ IP : ::1 ----------
REQUEST URI : /weorder/trunk/index.php?route=product/product&amp;path=33&amp;product_id=30
MOD DETAILS:
   modFile   : F:\xampp\htdocs\weorder\trunk\vqmod/xml/news_pro.xml
   id        : News_Pro
   version   : 1.5.4.1
   vqmver    : 2.1.7
   author    : VinaEcom
SEARCH NOT FOUND (ABORTING MOD): </ul></div>

----------------------------------------------------------------------


---------- Date: 2013-06-04 10:38:01 ~ IP : ::1 ----------
REQUEST URI : /weorder/trunk/index.php?route=product/product&amp;path=33&amp;product_id=30
MOD DETAILS:
   modFile   : F:\xampp\htdocs\weorder\trunk\vqmod/xml/news_pro.xml
   id        : News_Pro
   version   : 1.5.4.1
   vqmver    : 2.1.7
   author    : VinaEcom
SEARCH NOT FOUND (ABORTING MOD): </ul></div>

----------------------------------------------------------------------


---------- Date: 2013-06-04 10:38:05 ~ IP : ::1 ----------
REQUEST URI : /weorder/trunk/index.php?route=product/product&amp;path=33&amp;product_id=30
MOD DETAILS:
   modFile   : F:\xampp\htdocs\weorder\trunk\vqmod/xml/news_pro.xml
   id        : News_Pro
   version   : 1.5.4.1
   vqmver    : 2.1.7
   author    : VinaEcom
SEARCH NOT FOUND (ABORTING MOD): </ul></div>

----------------------------------------------------------------------


---------- Date: 2013-06-04 10:39:53 ~ IP : ::1 ----------
REQUEST URI : /weorder/trunk/index.php?route=product/product&amp;path=33&amp;product_id=30
MOD DETAILS:
   modFile   : F:\xampp\htdocs\weorder\trunk\vqmod/xml/news_pro.xml
   id        : News_Pro
   version   : 1.5.4.1
   vqmver    : 2.1.7
   author    : VinaEcom
SEARCH NOT FOUND (ABORTING MOD): </ul></div>

----------------------------------------------------------------------


---------- Date: 2013-06-04 11:07:02 ~ IP : ::1 ----------
REQUEST URI : /weorder/trunk/index.php?route=product/product&amp;path=33&amp;product_id=30
MOD DETAILS:
   modFile   : F:\xampp\htdocs\weorder\trunk\vqmod/xml/news_pro.xml
   id        : News_Pro
   version   : 1.5.4.1
   vqmver    : 2.1.7
   author    : VinaEcom
SEARCH NOT FOUND (ABORTING MOD): </ul></div>

----------------------------------------------------------------------


---------- Date: 2013-06-04 11:08:48 ~ IP : ::1 ----------
REQUEST URI : /weorder/trunk/index.php?route=product/product&amp;path=33&amp;product_id=30
MOD DETAILS:
   modFile   : F:\xampp\htdocs\weorder\trunk\vqmod/xml/news_pro.xml
   id        : News_Pro
   version   : 1.5.4.1
   vqmver    : 2.1.7
   author    : VinaEcom
SEARCH NOT FOUND (ABORTING MOD): </ul></div>

----------------------------------------------------------------------


---------- Date: 2013-06-04 13:59:08 ~ IP : ::1 ----------
REQUEST URI : /weorder/trunk/index.php?route=product/product&amp;path=33&amp;product_id=30
MOD DETAILS:
   modFile   : F:\xampp\htdocs\weorder\trunk\vqmod/xml/news_pro.xml
   id        : News_Pro
   version   : 1.5.4.1
   vqmver    : 2.1.7
   author    : VinaEcom
SEARCH NOT FOUND (ABORTING MOD): </ul></div>

----------------------------------------------------------------------


---------- Date: 2013-06-04 13:59:12 ~ IP : ::1 ----------
REQUEST URI : /weorder/trunk/index.php?route=product/product&amp;path=33&amp;product_id=30
MOD DETAILS:
   modFile   : F:\xampp\htdocs\weorder\trunk\vqmod/xml/news_pro.xml
   id        : News_Pro
   version   : 1.5.4.1
   vqmver    : 2.1.7
   author    : VinaEcom
SEARCH NOT FOUND (ABORTING MOD): </ul></div>

----------------------------------------------------------------------


---------- Date: 2013-06-04 13:59:14 ~ IP : ::1 ----------
REQUEST URI : /weorder/trunk/index.php?route=product/product&amp;path=33&amp;product_id=30
MOD DETAILS:
   modFile   : F:\xampp\htdocs\weorder\trunk\vqmod/xml/news_pro.xml
   id        : News_Pro
   version   : 1.5.4.1
   vqmver    : 2.1.7
   author    : VinaEcom
SEARCH NOT FOUND (ABORTING MOD): </ul></div>

----------------------------------------------------------------------


---------- Date: 2013-06-04 13:59:18 ~ IP : ::1 ----------
REQUEST URI : /weorder/trunk/index.php?route=product/product&amp;path=33&amp;product_id=30
MOD DETAILS:
   modFile   : F:\xampp\htdocs\weorder\trunk\vqmod/xml/news_pro.xml
   id        : News_Pro
   version   : 1.5.4.1
   vqmver    : 2.1.7
   author    : VinaEcom
SEARCH NOT FOUND (ABORTING MOD): </ul></div>

----------------------------------------------------------------------


