---------- Date: 2013-06-05 03:38:03 ~ IP : ::1 ----------
REQUEST URI : /weorder/trunk/index.php?route=product/category&amp;path=25
MOD DETAILS:
   modFile   : F:\xampp\htdocs\weorder\trunk\vqmod/xml/news_pro.xml
   id        : News_Pro
   version   : 1.5.4.1
   vqmver    : 2.1.7
   author    : VinaEcom
SEARCH NOT FOUND (ABORTING MOD): </ul></div>

----------------------------------------------------------------------


---------- Date: 2013-06-05 16:37:31 ~ IP : 127.0.0.1 ----------
REQUEST URI : /
MOD DETAILS:
   modFile   : F:\zara\vqmod/xml/news_pro.xml
   id        : News_Pro
   version   : 1.5.4.1
   vqmver    : 2.1.7
   author    : VinaEcom
SEARCH NOT FOUND (ABORTING MOD): </ul></div>

----------------------------------------------------------------------


---------- Date: 2013-06-05 16:39:50 ~ IP : 127.0.0.1 ----------
REQUEST URI : /
MOD DETAILS:
   modFile   : F:\zara\vqmod/xml/news_pro.xml
   id        : News_Pro
   version   : 1.5.4.1
   vqmver    : 2.1.7
   author    : VinaEcom
SEARCH NOT FOUND (ABORTING MOD): <link rel="stylesheet" type="text/css" href="catalog/view/theme/default/stylesheet/stylesheet.css" />

----------------------------------------------------------------------


---------- Date: 2013-06-05 16:39:56 ~ IP : 127.0.0.1 ----------
REQUEST URI : /
MOD DETAILS:
   modFile   : F:\zara\vqmod/xml/news_pro.xml
   id        : News_Pro
   version   : 1.5.4.1
   vqmver    : 2.1.7
   author    : VinaEcom
SEARCH NOT FOUND (ABORTING MOD): <link rel="stylesheet" type="text/css" href="catalog/view/theme/default/stylesheet/stylesheet.css" />

----------------------------------------------------------------------


---------- Date: 2013-06-05 16:43:16 ~ IP : 127.0.0.1 ----------
REQUEST URI : /
MOD DETAILS:
   modFile   : F:\zara\vqmod/xml/news_pro.xml
   id        : News_Pro
   version   : 1.5.4.1
   vqmver    : 2.1.7
   author    : VinaEcom
SEARCH NOT FOUND (ABORTING MOD): </ul></div>

----------------------------------------------------------------------


---------- Date: 2013-06-05 16:44:52 ~ IP : 127.0.0.1 ----------
REQUEST URI : /
MOD DETAILS:
   modFile   : F:\zara\vqmod/xml/news_pro.xml
   id        : News_Pro
   version   : 1.5.4.1
   vqmver    : 2.1.7
   author    : VinaEcom
SEARCH NOT FOUND (ABORTING MOD): </ul></div>

----------------------------------------------------------------------


---------- Date: 2013-06-05 16:44:54 ~ IP : 127.0.0.1 ----------
REQUEST URI : /
MOD DETAILS:
   modFile   : F:\zara\vqmod/xml/news_pro.xml
   id        : News_Pro
   version   : 1.5.4.1
   vqmver    : 2.1.7
   author    : VinaEcom
SEARCH NOT FOUND (ABORTING MOD): </ul></div>

----------------------------------------------------------------------


---------- Date: 2013-06-05 16:45:46 ~ IP : 127.0.0.1 ----------
REQUEST URI : /
MOD DETAILS:
   modFile   : F:\zara\vqmod/xml/news_pro.xml
   id        : News_Pro
   version   : 1.5.4.1
   vqmver    : 2.1.7
   author    : VinaEcom
SEARCH NOT FOUND (ABORTING MOD): </ul></div>

----------------------------------------------------------------------


---------- Date: 2013-06-05 16:46:23 ~ IP : 127.0.0.1 ----------
REQUEST URI : /
MOD DETAILS:
   modFile   : F:\zara\vqmod/xml/news_pro.xml
   id        : News_Pro
   version   : 1.5.4.1
   vqmver    : 2.1.7
   author    : VinaEcom
SEARCH NOT FOUND (ABORTING MOD): </ul></div>

----------------------------------------------------------------------


---------- Date: 2013-06-05 16:46:37 ~ IP : 127.0.0.1 ----------
REQUEST URI : /
MOD DETAILS:
   modFile   : F:\zara\vqmod/xml/news_pro.xml
   id        : News_Pro
   version   : 1.5.4.1
   vqmver    : 2.1.7
   author    : VinaEcom
SEARCH NOT FOUND (ABORTING MOD): </ul></div>

----------------------------------------------------------------------


---------- Date: 2013-06-05 16:46:52 ~ IP : 127.0.0.1 ----------
REQUEST URI : /index.php?route=news/news_category&amp;cat_id=1
MOD DETAILS:
   modFile   : F:\zara\vqmod/xml/news_pro.xml
   id        : News_Pro
   version   : 1.5.4.1
   vqmver    : 2.1.7
   author    : VinaEcom
SEARCH NOT FOUND (ABORTING MOD): </ul></div>

----------------------------------------------------------------------


---------- Date: 2013-06-05 16:46:59 ~ IP : 127.0.0.1 ----------
REQUEST URI : /
MOD DETAILS:
   modFile   : F:\zara\vqmod/xml/news_pro.xml
   id        : News_Pro
   version   : 1.5.4.1
   vqmver    : 2.1.7
   author    : VinaEcom
SEARCH NOT FOUND (ABORTING MOD): </ul></div>

----------------------------------------------------------------------


---------- Date: 2013-06-05 16:47:02 ~ IP : 127.0.0.1 ----------
REQUEST URI : /index.php?route=common/home
MOD DETAILS:
   modFile   : F:\zara\vqmod/xml/news_pro.xml
   id        : News_Pro
   version   : 1.5.4.1
   vqmver    : 2.1.7
   author    : VinaEcom
SEARCH NOT FOUND (ABORTING MOD): </ul></div>

----------------------------------------------------------------------


---------- Date: 2013-06-05 16:48:14 ~ IP : 127.0.0.1 ----------
REQUEST URI : /index.php?route=product/category&amp;path=33
MOD DETAILS:
   modFile   : F:\zara\vqmod/xml/news_pro.xml
   id        : News_Pro
   version   : 1.5.4.1
   vqmver    : 2.1.7
   author    : VinaEcom
SEARCH NOT FOUND (ABORTING MOD): </ul></div>

----------------------------------------------------------------------


---------- Date: 2013-06-05 16:51:21 ~ IP : 127.0.0.1 ----------
REQUEST URI : /index.php?route=product/category&amp;path=33
MOD DETAILS:
   modFile   : F:\zara\vqmod/xml/news_pro.xml
   id        : News_Pro
   version   : 1.5.4.1
   vqmver    : 2.1.7
   author    : VinaEcom
SEARCH NOT FOUND (ABORTING MOD): </ul></div>

----------------------------------------------------------------------


---------- Date: 2013-06-05 16:51:43 ~ IP : 127.0.0.1 ----------
REQUEST URI : /index.php?route=product/category&amp;path=33
MOD DETAILS:
   modFile   : F:\zara\vqmod/xml/news_pro.xml
   id        : News_Pro
   version   : 1.5.4.1
   vqmver    : 2.1.7
   author    : VinaEcom
SEARCH NOT FOUND (ABORTING MOD): </ul></div>

----------------------------------------------------------------------


---------- Date: 2013-06-05 16:54:55 ~ IP : 127.0.0.1 ----------
REQUEST URI : /index.php?route=product/category&amp;path=33
MOD DETAILS:
   modFile   : F:\zara\vqmod/xml/news_pro.xml
   id        : News_Pro
   version   : 1.5.4.1
   vqmver    : 2.1.7
   author    : VinaEcom
SEARCH NOT FOUND (ABORTING MOD): </ul></div>

----------------------------------------------------------------------


---------- Date: 2013-06-05 16:57:13 ~ IP : 127.0.0.1 ----------
REQUEST URI : /index.php?route=product/category&amp;path=33
MOD DETAILS:
   modFile   : F:\zara\vqmod/xml/news_pro.xml
   id        : News_Pro
   version   : 1.5.4.1
   vqmver    : 2.1.7
   author    : VinaEcom
SEARCH NOT FOUND (ABORTING MOD): </ul></div>

----------------------------------------------------------------------


---------- Date: 2013-06-05 16:59:28 ~ IP : 127.0.0.1 ----------
REQUEST URI : /index.php?route=product/category&amp;path=33
MOD DETAILS:
   modFile   : F:\zara\vqmod/xml/news_pro.xml
   id        : News_Pro
   version   : 1.5.4.1
   vqmver    : 2.1.7
   author    : VinaEcom
SEARCH NOT FOUND (ABORTING MOD): </ul></div>

----------------------------------------------------------------------


---------- Date: 2013-06-05 17:00:33 ~ IP : 127.0.0.1 ----------
REQUEST URI : /index.php?route=product/category&amp;path=33
MOD DETAILS:
   modFile   : F:\zara\vqmod/xml/news_pro.xml
   id        : News_Pro
   version   : 1.5.4.1
   vqmver    : 2.1.7
   author    : VinaEcom
SEARCH NOT FOUND (ABORTING MOD): </ul></div>

----------------------------------------------------------------------


---------- Date: 2013-06-05 17:04:16 ~ IP : 127.0.0.1 ----------
REQUEST URI : /index.php?route=product/category&amp;path=33
MOD DETAILS:
   modFile   : F:\zara\vqmod/xml/news_pro.xml
   id        : News_Pro
   version   : 1.5.4.1
   vqmver    : 2.1.7
   author    : VinaEcom
SEARCH NOT FOUND (ABORTING MOD): </ul></div>

----------------------------------------------------------------------


---------- Date: 2013-06-05 17:23:30 ~ IP : 127.0.0.1 ----------
REQUEST URI : /index.php?route=product/category&amp;path=33
MOD DETAILS:
   modFile   : F:\zara\vqmod/xml/news_pro.xml
   id        : News_Pro
   version   : 1.5.4.1
   vqmver    : 2.1.7
   author    : VinaEcom
SEARCH NOT FOUND (ABORTING MOD): </ul></div>

----------------------------------------------------------------------


---------- Date: 2013-06-05 17:23:33 ~ IP : 127.0.0.1 ----------
REQUEST URI : /index.php?route=product/category&amp;path=33
MOD DETAILS:
   modFile   : F:\zara\vqmod/xml/news_pro.xml
   id        : News_Pro
   version   : 1.5.4.1
   vqmver    : 2.1.7
   author    : VinaEcom
SEARCH NOT FOUND (ABORTING MOD): </ul></div>

----------------------------------------------------------------------


---------- Date: 2013-06-05 17:24:21 ~ IP : 127.0.0.1 ----------
REQUEST URI : /
MOD DETAILS:
   modFile   : F:\zara\vqmod/xml/news_pro.xml
   id        : News_Pro
   version   : 1.5.4.1
   vqmver    : 2.1.7
   author    : VinaEcom
SEARCH NOT FOUND (ABORTING MOD): </ul></div>

----------------------------------------------------------------------


---------- Date: 2013-06-05 17:24:59 ~ IP : 127.0.0.1 ----------
REQUEST URI : /
MOD DETAILS:
   modFile   : F:\zara\vqmod/xml/news_pro.xml
   id        : News_Pro
   version   : 1.5.4.1
   vqmver    : 2.1.7
   author    : VinaEcom
SEARCH NOT FOUND (ABORTING MOD): </ul></div>

----------------------------------------------------------------------


---------- Date: 2013-06-05 17:26:22 ~ IP : 127.0.0.1 ----------
REQUEST URI : /
MOD DETAILS:
   modFile   : F:\zara\vqmod/xml/news_pro.xml
   id        : News_Pro
   version   : 1.5.4.1
   vqmver    : 2.1.7
   author    : VinaEcom
SEARCH NOT FOUND (ABORTING MOD): </ul></div>

----------------------------------------------------------------------


---------- Date: 2013-06-05 17:27:01 ~ IP : 127.0.0.1 ----------
REQUEST URI : /
MOD DETAILS:
   modFile   : F:\zara\vqmod/xml/news_pro.xml
   id        : News_Pro
   version   : 1.5.4.1
   vqmver    : 2.1.7
   author    : VinaEcom
SEARCH NOT FOUND (ABORTING MOD): </ul></div>

----------------------------------------------------------------------


---------- Date: 2013-06-05 17:27:19 ~ IP : 127.0.0.1 ----------
REQUEST URI : /
MOD DETAILS:
   modFile   : F:\zara\vqmod/xml/news_pro.xml
   id        : News_Pro
   version   : 1.5.4.1
   vqmver    : 2.1.7
   author    : VinaEcom
SEARCH NOT FOUND (ABORTING MOD): </ul></div>

----------------------------------------------------------------------


---------- Date: 2013-06-05 17:41:29 ~ IP : 127.0.0.1 ----------
REQUEST URI : /index.php?route=product/category&amp;path=33
MOD DETAILS:
   modFile   : F:\zara\vqmod/xml/news_pro.xml
   id        : News_Pro
   version   : 1.5.4.1
   vqmver    : 2.1.7
   author    : VinaEcom
SEARCH NOT FOUND (ABORTING MOD): </ul></div>

----------------------------------------------------------------------


---------- Date: 2013-06-05 17:41:44 ~ IP : 127.0.0.1 ----------
REQUEST URI : /index.php?route=product/category&amp;path=33
MOD DETAILS:
   modFile   : F:\zara\vqmod/xml/news_pro.xml
   id        : News_Pro
   version   : 1.5.4.1
   vqmver    : 2.1.7
   author    : VinaEcom
SEARCH NOT FOUND (ABORTING MOD): </ul></div>

----------------------------------------------------------------------


---------- Date: 2013-06-05 17:41:58 ~ IP : 127.0.0.1 ----------
REQUEST URI : /index.php?route=product/category&amp;path=33
MOD DETAILS:
   modFile   : F:\zara\vqmod/xml/news_pro.xml
   id        : News_Pro
   version   : 1.5.4.1
   vqmver    : 2.1.7
   author    : VinaEcom
SEARCH NOT FOUND (ABORTING MOD): </ul></div>

----------------------------------------------------------------------


---------- Date: 2013-06-05 17:42:13 ~ IP : 127.0.0.1 ----------
REQUEST URI : /index.php?route=product/category&amp;path=33
MOD DETAILS:
   modFile   : F:\zara\vqmod/xml/news_pro.xml
   id        : News_Pro
   version   : 1.5.4.1
   vqmver    : 2.1.7
   author    : VinaEcom
SEARCH NOT FOUND (ABORTING MOD): </ul></div>

----------------------------------------------------------------------


---------- Date: 2013-06-05 17:42:29 ~ IP : 127.0.0.1 ----------
REQUEST URI : /index.php?route=product/category&amp;path=33
MOD DETAILS:
   modFile   : F:\zara\vqmod/xml/news_pro.xml
   id        : News_Pro
   version   : 1.5.4.1
   vqmver    : 2.1.7
   author    : VinaEcom
SEARCH NOT FOUND (ABORTING MOD): </ul></div>

----------------------------------------------------------------------


---------- Date: 2013-06-05 17:42:48 ~ IP : 127.0.0.1 ----------
REQUEST URI : /index.php?route=common/home
MOD DETAILS:
   modFile   : F:\zara\vqmod/xml/news_pro.xml
   id        : News_Pro
   version   : 1.5.4.1
   vqmver    : 2.1.7
   author    : VinaEcom
SEARCH NOT FOUND (ABORTING MOD): </ul></div>

----------------------------------------------------------------------


---------- Date: 2013-06-05 17:49:43 ~ IP : 127.0.0.1 ----------
REQUEST URI : /index.php?route=common/home
MOD DETAILS:
   modFile   : F:\zara\vqmod/xml/news_pro.xml
   id        : News_Pro
   version   : 1.5.4.1
   vqmver    : 2.1.7
   author    : VinaEcom
SEARCH NOT FOUND (ABORTING MOD): </ul></div>

----------------------------------------------------------------------


---------- Date: 2013-06-05 17:51:05 ~ IP : 127.0.0.1 ----------
REQUEST URI : /index.php?route=common/home
MOD DETAILS:
   modFile   : F:\zara\vqmod/xml/news_pro.xml
   id        : News_Pro
   version   : 1.5.4.1
   vqmver    : 2.1.7
   author    : VinaEcom
SEARCH NOT FOUND (ABORTING MOD): </ul></div>

----------------------------------------------------------------------


---------- Date: 2013-06-05 18:23:55 ~ IP : 127.0.0.1 ----------
REQUEST URI : /
MOD DETAILS:
   modFile   : F:\zara\vqmod/xml/news_pro.xml
   id        : News_Pro
   version   : 1.5.4.1
   vqmver    : 2.1.7
   author    : VinaEcom
SEARCH NOT FOUND (ABORTING MOD): </ul></div>

----------------------------------------------------------------------


---------- Date: 2013-06-05 18:25:36 ~ IP : 127.0.0.1 ----------
REQUEST URI : /
MOD DETAILS:
   modFile   : F:\zara\vqmod/xml/news_pro.xml
   id        : News_Pro
   version   : 1.5.4.1
   vqmver    : 2.1.7
   author    : VinaEcom
SEARCH NOT FOUND (ABORTING MOD): </ul></div>

----------------------------------------------------------------------


---------- Date: 2013-06-05 18:26:41 ~ IP : 127.0.0.1 ----------
REQUEST URI : /
MOD DETAILS:
   modFile   : F:\zara\vqmod/xml/news_pro.xml
   id        : News_Pro
   version   : 1.5.4.1
   vqmver    : 2.1.7
   author    : VinaEcom
SEARCH NOT FOUND (ABORTING MOD): </ul></div>

----------------------------------------------------------------------


---------- Date: 2013-06-05 18:26:57 ~ IP : 127.0.0.1 ----------
REQUEST URI : /
MOD DETAILS:
   modFile   : F:\zara\vqmod/xml/news_pro.xml
   id        : News_Pro
   version   : 1.5.4.1
   vqmver    : 2.1.7
   author    : VinaEcom
SEARCH NOT FOUND (ABORTING MOD): </ul></div>

----------------------------------------------------------------------


---------- Date: 2013-06-05 18:28:57 ~ IP : 127.0.0.1 ----------
REQUEST URI : /
MOD DETAILS:
   modFile   : F:\zara\vqmod/xml/news_pro.xml
   id        : News_Pro
   version   : 1.5.4.1
   vqmver    : 2.1.7
   author    : VinaEcom
SEARCH NOT FOUND (ABORTING MOD): </ul></div>

----------------------------------------------------------------------


---------- Date: 2013-06-05 18:29:20 ~ IP : 127.0.0.1 ----------
REQUEST URI : /
MOD DETAILS:
   modFile   : F:\zara\vqmod/xml/news_pro.xml
   id        : News_Pro
   version   : 1.5.4.1
   vqmver    : 2.1.7
   author    : VinaEcom
SEARCH NOT FOUND (ABORTING MOD): </ul></div>

----------------------------------------------------------------------


---------- Date: 2013-06-05 18:29:51 ~ IP : 127.0.0.1 ----------
REQUEST URI : /
MOD DETAILS:
   modFile   : F:\zara\vqmod/xml/news_pro.xml
   id        : News_Pro
   version   : 1.5.4.1
   vqmver    : 2.1.7
   author    : VinaEcom
SEARCH NOT FOUND (ABORTING MOD): </ul></div>

----------------------------------------------------------------------


---------- Date: 2013-06-05 18:30:00 ~ IP : 127.0.0.1 ----------
REQUEST URI : /
MOD DETAILS:
   modFile   : F:\zara\vqmod/xml/news_pro.xml
   id        : News_Pro
   version   : 1.5.4.1
   vqmver    : 2.1.7
   author    : VinaEcom
SEARCH NOT FOUND (ABORTING MOD): </ul></div>

----------------------------------------------------------------------


---------- Date: 2013-06-05 18:30:07 ~ IP : 127.0.0.1 ----------
REQUEST URI : /index.php?route=common/home
MOD DETAILS:
   modFile   : F:\zara\vqmod/xml/news_pro.xml
   id        : News_Pro
   version   : 1.5.4.1
   vqmver    : 2.1.7
   author    : VinaEcom
SEARCH NOT FOUND (ABORTING MOD): </ul></div>

----------------------------------------------------------------------


---------- Date: 2013-06-05 18:30:13 ~ IP : 127.0.0.1 ----------
REQUEST URI : /
MOD DETAILS:
   modFile   : F:\zara\vqmod/xml/news_pro.xml
   id        : News_Pro
   version   : 1.5.4.1
   vqmver    : 2.1.7
   author    : VinaEcom
SEARCH NOT FOUND (ABORTING MOD): </ul></div>

----------------------------------------------------------------------


---------- Date: 2013-06-05 18:30:40 ~ IP : 127.0.0.1 ----------
REQUEST URI : /
MOD DETAILS:
   modFile   : F:\zara\vqmod/xml/news_pro.xml
   id        : News_Pro
   version   : 1.5.4.1
   vqmver    : 2.1.7
   author    : VinaEcom
SEARCH NOT FOUND (ABORTING MOD): </ul></div>

----------------------------------------------------------------------


---------- Date: 2013-06-05 18:31:39 ~ IP : 127.0.0.1 ----------
REQUEST URI : /index.php?route=common/home
MOD DETAILS:
   modFile   : F:\zara\vqmod/xml/news_pro.xml
   id        : News_Pro
   version   : 1.5.4.1
   vqmver    : 2.1.7
   author    : VinaEcom
SEARCH NOT FOUND (ABORTING MOD): </ul></div>

----------------------------------------------------------------------


---------- Date: 2013-06-05 18:32:21 ~ IP : 127.0.0.1 ----------
REQUEST URI : /index.php?route=common/home
MOD DETAILS:
   modFile   : F:\zara\vqmod/xml/news_pro.xml
   id        : News_Pro
   version   : 1.5.4.1
   vqmver    : 2.1.7
   author    : VinaEcom
SEARCH NOT FOUND (ABORTING MOD): </ul></div>

----------------------------------------------------------------------


---------- Date: 2013-06-05 18:32:44 ~ IP : 127.0.0.1 ----------
REQUEST URI : /index.php?route=common/home
MOD DETAILS:
   modFile   : F:\zara\vqmod/xml/news_pro.xml
   id        : News_Pro
   version   : 1.5.4.1
   vqmver    : 2.1.7
   author    : VinaEcom
SEARCH NOT FOUND (ABORTING MOD): </ul></div>

----------------------------------------------------------------------


---------- Date: 2013-06-05 18:32:51 ~ IP : 127.0.0.1 ----------
REQUEST URI : /index.php?route=common/home
MOD DETAILS:
   modFile   : F:\zara\vqmod/xml/news_pro.xml
   id        : News_Pro
   version   : 1.5.4.1
   vqmver    : 2.1.7
   author    : VinaEcom
SEARCH NOT FOUND (ABORTING MOD): </ul></div>

----------------------------------------------------------------------


---------- Date: 2013-06-05 18:33:11 ~ IP : 127.0.0.1 ----------
REQUEST URI : /index.php?route=common/home
MOD DETAILS:
   modFile   : F:\zara\vqmod/xml/news_pro.xml
   id        : News_Pro
   version   : 1.5.4.1
   vqmver    : 2.1.7
   author    : VinaEcom
SEARCH NOT FOUND (ABORTING MOD): </ul></div>

----------------------------------------------------------------------


---------- Date: 2013-06-05 18:36:24 ~ IP : 127.0.0.1 ----------
REQUEST URI : /index.php?route=common/home
MOD DETAILS:
   modFile   : F:\zara\vqmod/xml/news_pro.xml
   id        : News_Pro
   version   : 1.5.4.1
   vqmver    : 2.1.7
   author    : VinaEcom
SEARCH NOT FOUND (ABORTING MOD): </ul></div>

----------------------------------------------------------------------


---------- Date: 2013-06-05 18:36:39 ~ IP : 127.0.0.1 ----------
REQUEST URI : /index.php?route=common/home
MOD DETAILS:
   modFile   : F:\zara\vqmod/xml/news_pro.xml
   id        : News_Pro
   version   : 1.5.4.1
   vqmver    : 2.1.7
   author    : VinaEcom
SEARCH NOT FOUND (ABORTING MOD): </ul></div>

----------------------------------------------------------------------


---------- Date: 2013-06-05 18:37:34 ~ IP : 127.0.0.1 ----------
REQUEST URI : /index.php?route=common/home
MOD DETAILS:
   modFile   : F:\zara\vqmod/xml/news_pro.xml
   id        : News_Pro
   version   : 1.5.4.1
   vqmver    : 2.1.7
   author    : VinaEcom
SEARCH NOT FOUND (ABORTING MOD): </ul></div>

----------------------------------------------------------------------


---------- Date: 2013-06-05 18:38:11 ~ IP : 127.0.0.1 ----------
REQUEST URI : /index.php?route=common/home
MOD DETAILS:
   modFile   : F:\zara\vqmod/xml/news_pro.xml
   id        : News_Pro
   version   : 1.5.4.1
   vqmver    : 2.1.7
   author    : VinaEcom
SEARCH NOT FOUND (ABORTING MOD): </ul></div>

----------------------------------------------------------------------


